<?xml version="1.0" encoding="UTF-8"?>
<!-- Generated by org.testng.reporters.JUnitXMLReporter -->
<testsuite ignored="0" hostname="DESKTOP-U1JCG6A" failures="0" tests="2" name="TestNg Testspecs" time="4.36" errors="0" timestamp="2025-01-08T10:14:03 IST">
  <testcase classname="urBuddi.Tests.TNPOM02AddEmployeeTestSpec" name="@BeforeTest browserLaunch" time="0.947">
    <failure type="org.openqa.selenium.SessionNotCreatedException" message="Could not start a new session. Response code 500. Message: session not created: This version of ChromeDriver only supports Chrome version 122
Current browser version is 131.0.6778.205 with binary path C:\Program Files\Google\Chrome\Application\chrome.exe 
Host info: host: &amp;apos;DESKTOP-U1JCG6A&amp;apos;, ip: &amp;apos;192.168.0.101&amp;apos;
Build info: version: &amp;apos;4.18.1&amp;apos;, revision: &amp;apos;b1d3319b48&amp;apos;
System info: os.name: &amp;apos;Windows 11&amp;apos;, os.arch: &amp;apos;amd64&amp;apos;, os.version: &amp;apos;10.0&amp;apos;, java.version: &amp;apos;17.0.10&amp;apos;
Driver info: org.openqa.selenium.chrome.ChromeDriver
Command: [null, newSession {capabilities=[Capabilities {browserName: chrome, goog:chromeOptions: {args: [], extensions: []}}]}]">
      <![CDATA[org.openqa.selenium.SessionNotCreatedException: Could not start a new session. Response code 500. Message: session not created: This version of ChromeDriver only supports Chrome version 122
Current browser version is 131.0.6778.205 with binary path C:\Program Files\Google\Chrome\Application\chrome.exe 
Host info: host: 'DESKTOP-U1JCG6A', ip: '192.168.0.101'
Build info: version: '4.18.1', revision: 'b1d3319b48'
System info: os.name: 'Windows 11', os.arch: 'amd64', os.version: '10.0', java.version: '17.0.10'
Driver info: org.openqa.selenium.chrome.ChromeDriver
Command: [null, newSession {capabilities=[Capabilities {browserName: chrome, goog:chromeOptions: {args: [], extensions: []}}]}]
at org.openqa.selenium.remote.ProtocolHandshake.createSession(ProtocolHandshake.java:139)
at org.openqa.selenium.remote.ProtocolHandshake.createSession(ProtocolHandshake.java:95)
at org.openqa.selenium.remote.ProtocolHandshake.createSession(ProtocolHandshake.java:67)
at org.openqa.selenium.remote.HttpCommandExecutor.execute(HttpCommandExecutor.java:162)
at org.openqa.selenium.remote.service.DriverCommandExecutor.invokeExecute(DriverCommandExecutor.java:216)
at org.openqa.selenium.remote.service.DriverCommandExecutor.execute(DriverCommandExecutor.java:174)
at org.openqa.selenium.remote.RemoteWebDriver.execute(RemoteWebDriver.java:519)
at org.openqa.selenium.remote.RemoteWebDriver.startSession(RemoteWebDriver.java:233)
at org.openqa.selenium.remote.RemoteWebDriver.<init>(RemoteWebDriver.java:162)
at org.openqa.selenium.chromium.ChromiumDriver.<init>(ChromiumDriver.java:114)
at org.openqa.selenium.chrome.ChromeDriver.<init>(ChromeDriver.java:89)
at org.openqa.selenium.chrome.ChromeDriver.<init>(ChromeDriver.java:84)
at org.openqa.selenium.chrome.ChromeDriver.<init>(ChromeDriver.java:52)
at Common.BaseMethods.getDriver(BaseMethods.java:16)
at urBuddi.Tests.TNPOM02AddEmployeeTestSpec.browserLaunch(TNPOM02AddEmployeeTestSpec.java:27)
... Removed 24 stack frames]]>
    </failure>
  </testcase> <!-- @BeforeTest browserLaunch -->
  <testcase classname="urBuddi.Tests.TNPOM01LoginTestSpec" name="@AfterTest browserclose" time="-1.736311443799E9">
    <skipped/>
  </testcase> <!-- @AfterTest browserclose -->
  <testcase classname="urBuddi.Tests.TNPOM02AddEmployeeTestSpec" name="@AfterTest close" time="-1.7363114438E9">
    <skipped/>
  </testcase> <!-- @AfterTest close -->
  <testcase classname="urBuddi.Tests.TNPOM01LoginTestSpec" name="verifyLoginIsSuccess" time="0.0">
    <skipped/>
  </testcase> <!-- verifyLoginIsSuccess -->
  <testcase classname="urBuddi.Tests.TNPOM02AddEmployeeTestSpec" name="verifyLoginIsSuccessful" time="0.0">
    <skipped/>
  </testcase> <!-- verifyLoginIsSuccessful -->
</testsuite> <!-- TestNg Testspecs -->
