<!DOCTYPE html>

<html>
  <head>
  <meta charset='utf-8'>
  <title>TestNG reports</title>

    <link type="text/css" href="testng-reports1.css" rel="stylesheet" id="ultra" />
    <link type="text/css" href="testng-reports.css" rel="stylesheet" id="retro" disabled="false"/>
    <script type="text/javascript" src="jquery.min.js"></script>
    <script type="text/javascript" src="testng-reports.js"></script>
    <script type="text/javascript" src="https://www.google.com/jsapi"></script>
    <script type='text/javascript'>
      google.load('visualization', '1', {packages:['table']});
      google.setOnLoadCallback(drawTable);
      var suiteTableInitFunctions = new Array();
      var suiteTableData = new Array();
    </script>
    <!--
      <script type="text/javascript" src="jquery-ui/js/jquery-ui-1.8.16.custom.min.js"></script>
     -->
  </head>

  <body>
    <div class="top-banner-root">
      <span class="top-banner-title-font">Test results</span>
      <button id="button" class="button">Switch Retro Theme</button> <!-- button -->
      <br/>
      <span class="top-banner-font-1">1 suite, 11 failed tests</span>
    </div> <!-- top-banner-root -->
    <div class="navigator-root">
      <div class="navigator-suite-header">
        <span>All suites</span>
        <a href="#" title="Collapse/expand all the suites" class="collapse-all-link">
          <img src="collapseall.gif" class="collapse-all-icon">
          </img> <!-- collapse-all-icon -->
        </a> <!-- collapse-all-link -->
      </div> <!-- navigator-suite-header -->
      <div class="suite">
        <div class="rounded-window">
          <div class="suite-header light-rounded-window-top">
            <a href="#" panel-name="suite-UrBudditestng" class="navigator-link">
              <span class="suite-name border-failed">UrBudditestng</span>
            </a> <!-- navigator-link -->
          </div> <!-- suite-header light-rounded-window-top -->
          <div class="navigator-suite-content">
            <div class="suite-section-title">
              <span>Info</span>
            </div> <!-- suite-section-title -->
            <div class="suite-section-content">
              <ul>
                <li>
                  <a href="#" panel-name="test-xml-UrBudditestng" class="navigator-link ">
                    <span>D:\Automation\selenium-testng\testng.xml</span>
                  </a> <!-- navigator-link  -->
                </li>
                <li>
                  <a href="#" panel-name="testlist-UrBudditestng" class="navigator-link ">
                    <span class="test-stats">1 test</span>
                  </a> <!-- navigator-link  -->
                </li>
                <li>
                  <a href="#" panel-name="group-UrBudditestng" class="navigator-link ">
                    <span>0 groups</span>
                  </a> <!-- navigator-link  -->
                </li>
                <li>
                  <a href="#" panel-name="times-UrBudditestng" class="navigator-link ">
                    <span>Times</span>
                  </a> <!-- navigator-link  -->
                </li>
                <li>
                  <a href="#" panel-name="reporter-UrBudditestng" class="navigator-link ">
                    <span>Reporter output</span>
                  </a> <!-- navigator-link  -->
                </li>
                <li>
                  <a href="#" panel-name="ignored-methods-UrBudditestng" class="navigator-link ">
                    <span>Ignored methods</span>
                  </a> <!-- navigator-link  -->
                </li>
                <li>
                  <a href="#" panel-name="chronological-UrBudditestng" class="navigator-link ">
                    <span>Chronological view</span>
                  </a> <!-- navigator-link  -->
                </li>
              </ul>
            </div> <!-- suite-section-content -->
            <div class="result-section">
              <div class="suite-section-title">
                <span>Results</span>
              </div> <!-- suite-section-title -->
              <div class="suite-section-content">
                <ul>
                  <li>
                    <span class="method-stats">17 methods, 11 failed,   6 passed</span>
                  </li>
                  <li>
                    <span class="method-list-title failed">Failed methods</span>
                    <span class="show-or-hide-methods failed">
                      <a href="#" panel-name="suite-UrBudditestng" class="hide-methods failed suite-UrBudditestng"> (hide)</a> <!-- hide-methods failed suite-UrBudditestng -->
                      <a href="#" panel-name="suite-UrBudditestng" class="show-methods failed suite-UrBudditestng"> (show)</a> <!-- show-methods failed suite-UrBudditestng -->
                    </span>
                    <div class="method-list-content failed suite-UrBudditestng">
                      <span>
                        <img src="failed.png" width="3%"/>
                        <a href="#" panel-name="suite-UrBudditestng" title="urBuddi.Tests.Test015_Add_Edit_Delete_EmployeeWithStatusAsActiveTestSpec" class="method navigator-link" hash-for-method="verifyAddEditDeleteEmployeeWithActiveStatusIsSuccessful">verifyAddEditDeleteEmployeeWithActiveStatusIsSuccessful</a> <!-- method navigator-link -->
                      </span>
                      <br/>
                      <span>
                        <img src="failed.png" width="3%"/>
                        <a href="#" panel-name="suite-UrBudditestng" title="urBuddi.Tests.Test009_Add_Edit_Delete_EmployeeWithQualificationAsBTechTestSpec" class="method navigator-link" hash-for-method="verifyAddEditDeleteEmployeeWithBTechQualificationIsSuccessful">verifyAddEditDeleteEmployeeWithBTechQualificationIsSuccessful</a> <!-- method navigator-link -->
                      </span>
                      <br/>
                      <span>
                        <img src="failed.png" width="3%"/>
                        <a href="#" panel-name="suite-UrBudditestng" title="urBuddi.Tests.Test008_Add_Edit_Delete_EmployeeWithQualificationAsDegreeTestSpec" class="method navigator-link" hash-for-method="verifyAddEditDeleteEmployeeWithDegreeQualificationIsSuccessful">verifyAddEditDeleteEmployeeWithDegreeQualificationIsSuccessful</a> <!-- method navigator-link -->
                      </span>
                      <br/>
                      <span>
                        <img src="failed.png" width="3%"/>
                        <a href="#" panel-name="suite-UrBudditestng" title="urBuddi.Tests.Test013_Add_Edit_Delete_EmployeeWithGenderAsFemaleTestSpec" class="method navigator-link" hash-for-method="verifyAddEditDeleteEmployeeWithFemaleGenderIsSuccessful">verifyAddEditDeleteEmployeeWithFemaleGenderIsSuccessful</a> <!-- method navigator-link -->
                      </span>
                      <br/>
                      <span>
                        <img src="failed.png" width="3%"/>
                        <a href="#" panel-name="suite-UrBudditestng" title="urBuddi.Tests.Test012_Add_Edit_Delete_EmployeeWithGenderAsMaleTestSpec" class="method navigator-link" hash-for-method="verifyAddEditDeleteEmployeeWithMaleGenderIsSuccessful">verifyAddEditDeleteEmployeeWithMaleGenderIsSuccessful</a> <!-- method navigator-link -->
                      </span>
                      <br/>
                      <span>
                        <img src="failed.png" width="3%"/>
                        <a href="#" panel-name="suite-UrBudditestng" title="urBuddi.Tests.Test011_Add_Edit_Delete_EmployeeWithQualificationAsOtherTestSpec" class="method navigator-link" hash-for-method="verifyAddEditDeleteEmployeeWithOtherQualificationIsSuccessful">verifyAddEditDeleteEmployeeWithOtherQualificationIsSuccessful</a> <!-- method navigator-link -->
                      </span>
                      <br/>
                      <span>
                        <img src="failed.png" width="3%"/>
                        <a href="#" panel-name="suite-UrBudditestng" title="urBuddi.Tests.Test014_Add_Edit_Delete_EmployeWithGenderAsOthersTestSpec" class="method navigator-link" hash-for-method="verifyAddEditDeleteEmployeeWithOthersGenderIsSuccessful">verifyAddEditDeleteEmployeeWithOthersGenderIsSuccessful</a> <!-- method navigator-link -->
                      </span>
                      <br/>
                      <span>
                        <img src="failed.png" width="3%"/>
                        <a href="#" panel-name="suite-UrBudditestng" title="urBuddi.Tests.Test010_Add_Edit_Delete_EmployeeWithQualificationAsPGTestSpec" class="method navigator-link" hash-for-method="verifyAddEditDeleteEmployeeWithPGQualificationIsSuccessful">verifyAddEditDeleteEmployeeWithPGQualificationIsSuccessful</a> <!-- method navigator-link -->
                      </span>
                      <br/>
                      <span>
                        <img src="failed.png" width="3%"/>
                        <a href="#" panel-name="suite-UrBudditestng" title="urBuddi.Tests.Test016_Add_Edit_EmployeeWithStatusAsReleasedTestSpec" class="method navigator-link" hash-for-method="verifyAddEditEmployeeWithReleasedStatusIsSuccessful">verifyAddEditEmployeeWithReleasedStatusIsSuccessful</a> <!-- method navigator-link -->
                      </span>
                      <br/>
                      <span>
                        <img src="failed.png" width="3%"/>
                        <a href="#" panel-name="suite-UrBudditestng" title="urBuddi.Tests.Test_Apply_Cancel_LeaveWithRequestTypeAsLeaveTestSpec" class="method navigator-link" hash-for-method="verifyApplyAndCancelLeaveIsSuccessful">verifyApplyAndCancelLeaveIsSuccessful</a> <!-- method navigator-link -->
                      </span>
                      <br/>
                      <span>
                        <img src="failed.png" width="3%"/>
                        <a href="#" panel-name="suite-UrBudditestng" title="urBuddi.Tests.Test_Apply_Cancel_LeaveWithRequestTypeAsWFHTestSpec" class="method navigator-link" hash-for-method="verifyApplyAndCancelLeaveIsSuccessful">verifyApplyAndCancelLeaveIsSuccessful</a> <!-- method navigator-link -->
                      </span>
                      <br/>
                    </div> <!-- method-list-content failed suite-UrBudditestng -->
                  </li>
                  <li>
                    <span class="method-list-title passed">Passed methods</span>
                    <span class="show-or-hide-methods passed">
                      <a href="#" panel-name="suite-UrBudditestng" class="hide-methods passed suite-UrBudditestng"> (hide)</a> <!-- hide-methods passed suite-UrBudditestng -->
                      <a href="#" panel-name="suite-UrBudditestng" class="show-methods passed suite-UrBudditestng"> (show)</a> <!-- show-methods passed suite-UrBudditestng -->
                    </span>
                    <div class="method-list-content passed suite-UrBudditestng">
                      <span>
                        <img src="passed.png" width="3%"/>
                        <a href="#" panel-name="suite-UrBudditestng" title="urBuddi.Tests.Test001_LoginPageVerificationTestSpec" class="method navigator-link" hash-for-method="verificationOfLoginPageIsSuccess">verificationOfLoginPageIsSuccess</a> <!-- method navigator-link -->
                      </span>
                      <br/>
                      <span>
                        <img src="passed.png" width="3%"/>
                        <a href="#" panel-name="suite-UrBudditestng" title="urBuddi.Tests.Test005_Add_Edit_Delete_EmployeeWithRoleAsAdminTestSpec" class="method navigator-link" hash-for-method="verifyAddEditDeleteEmployeeWithAdminRoleIsSuccessful">verifyAddEditDeleteEmployeeWithAdminRoleIsSuccessful</a> <!-- method navigator-link -->
                      </span>
                      <br/>
                      <span>
                        <img src="passed.png" width="3%"/>
                        <a href="#" panel-name="suite-UrBudditestng" title="urBuddi.Tests.Test004_Add_Edit_Delete_EmployeeWithRoleAsEmployeeTestSpec" class="method navigator-link" hash-for-method="verifyAddEditDeleteEmployeeWithEmployeeRoleIsSuccessful">verifyAddEditDeleteEmployeeWithEmployeeRoleIsSuccessful</a> <!-- method navigator-link -->
                      </span>
                      <br/>
                      <span>
                        <img src="passed.png" width="3%"/>
                        <a href="#" panel-name="suite-UrBudditestng" title="urBuddi.Tests.Test006_Add_Edit_Delete_EmployeeWithRoleAsHRTestSpec" class="method navigator-link" hash-for-method="verifyAddEditDeleteEmployeeWithHRRoleIsSuccessful">verifyAddEditDeleteEmployeeWithHRRoleIsSuccessful</a> <!-- method navigator-link -->
                      </span>
                      <br/>
                      <span>
                        <img src="passed.png" width="3%"/>
                        <a href="#" panel-name="suite-UrBudditestng" title="urBuddi.Tests.Test007_Add_Edit_Delete_EmployeeWithRoleAsLeadTestSpec" class="method navigator-link" hash-for-method="verifyAddEditDeleteEmployeeWithLeadRoleIsSuccessful">verifyAddEditDeleteEmployeeWithLeadRoleIsSuccessful</a> <!-- method navigator-link -->
                      </span>
                      <br/>
                      <span>
                        <img src="passed.png" width="3%"/>
                        <a href="#" panel-name="suite-UrBudditestng" title="urBuddi.Tests.Test002_LoginTestSpec" class="method navigator-link" hash-for-method="verifyLoginIsSuccess">verifyLoginIsSuccess</a> <!-- method navigator-link -->
                      </span>
                      <br/>
                    </div> <!-- method-list-content passed suite-UrBudditestng -->
                  </li>
                </ul>
              </div> <!-- suite-section-content -->
            </div> <!-- result-section -->
          </div> <!-- navigator-suite-content -->
        </div> <!-- rounded-window -->
      </div> <!-- suite -->
    </div> <!-- navigator-root -->
    <div class="wrapper">
      <div class="main-panel-root">
        <div panel-name="suite-UrBudditestng" class="panel UrBudditestng">
          <div class="suite-UrBudditestng-class-failed">
            <div class="main-panel-header rounded-window-top">
              <img src="failed.png"/>
              <span class="class-name">urBuddi.Tests.Test010_Add_Edit_Delete_EmployeeWithQualificationAsPGTestSpec</span>
            </div> <!-- main-panel-header rounded-window-top -->
            <div class="main-panel-content rounded-window-bottom">
              <div class="method">
                <div class="method-content">
                  <a name="verifyAddEditDeleteEmployeeWithPGQualificationIsSuccessful">
                  </a> <!-- verifyAddEditDeleteEmployeeWithPGQualificationIsSuccessful -->
                  <span class="method-name">verifyAddEditDeleteEmployeeWithPGQualificationIsSuccessful</span>
                  <div class="stack-trace">org.openqa.selenium.NoSuchSessionException: invalid session id: session deleted as the browser has closed the connection
from disconnected: not connected to DevTools
  (Session info: chrome=133.0.6943.142)
Build info: version: &apos;4.18.1&apos;, revision: &apos;b1d3319b48&apos;
System info: os.name: &apos;Windows 11&apos;, os.arch: &apos;amd64&apos;, os.version: &apos;10.0&apos;, java.version: &apos;17.0.10&apos;
Driver info: org.openqa.selenium.chrome.ChromeDriver
Command: [c2450bd1bcc64c6dd225ebf666f37e43, findElement {value=userEmail, using=id}]
Capabilities {acceptInsecureCerts: false, browserName: chrome, browserVersion: 133.0.6943.142, chrome: {chromedriverVersion: 133.0.6943.141 (2a5d6da0d61..., userDataDir: C:\Users\Lenovo\AppData\Loc...}, fedcm:accounts: true, goog:chromeOptions: {debuggerAddress: localhost:61356}, networkConnectionEnabled: false, pageLoadStrategy: normal, platformName: windows, proxy: Proxy(), se:cdp: ws://localhost:61356/devtoo..., se:cdpVersion: 133.0.6943.142, setWindowRect: true, strictFileInteractability: false, timeouts: {implicit: 0, pageLoad: 300000, script: 30000}, unhandledPromptBehavior: dismiss and notify, webauthn:extension:credBlob: true, webauthn:extension:largeBlob: true, webauthn:extension:minPinLength: true, webauthn:extension:prf: true, webauthn:virtualAuthenticators: true}
Session ID: c2450bd1bcc64c6dd225ebf666f37e43
	at org.openqa.selenium.remote.ErrorCodec.decode(ErrorCodec.java:167)
	at org.openqa.selenium.remote.codec.w3c.W3CHttpResponseCodec.decode(W3CHttpResponseCodec.java:138)
	at org.openqa.selenium.remote.codec.w3c.W3CHttpResponseCodec.decode(W3CHttpResponseCodec.java:50)
	at org.openqa.selenium.remote.HttpCommandExecutor.execute(HttpCommandExecutor.java:190)
	at org.openqa.selenium.remote.service.DriverCommandExecutor.invokeExecute(DriverCommandExecutor.java:216)
	at org.openqa.selenium.remote.service.DriverCommandExecutor.execute(DriverCommandExecutor.java:174)
	at org.openqa.selenium.remote.RemoteWebDriver.execute(RemoteWebDriver.java:519)
	at org.openqa.selenium.remote.ElementLocation$ElementFinder$2.findElement(ElementLocation.java:165)
	at org.openqa.selenium.remote.ElementLocation.findElement(ElementLocation.java:59)
	at org.openqa.selenium.remote.RemoteWebDriver.findElement(RemoteWebDriver.java:356)
	at org.openqa.selenium.remote.RemoteWebDriver.findElement(RemoteWebDriver.java:350)
	at org.openqa.selenium.support.ui.ExpectedConditions$7.apply(ExpectedConditions.java:194)
	at org.openqa.selenium.support.ui.ExpectedConditions$7.apply(ExpectedConditions.java:190)
	at org.openqa.selenium.support.ui.ExpectedConditions$22.apply(ExpectedConditions.java:627)
	at org.openqa.selenium.support.ui.ExpectedConditions$22.apply(ExpectedConditions.java:624)
	at org.openqa.selenium.support.ui.FluentWait.until(FluentWait.java:203)
	at urBuddi.Pages.LoginPage.loginToApplication(LoginPage.java:37)
	at urBuddi.Tests.Test010_Add_Edit_Delete_EmployeeWithQualificationAsPGTestSpec.verifyAddEditDeleteEmployeeWithPGQualificationIsSuccessful(Test010_Add_Edit_Delete_EmployeeWithQualificationAsPGTestSpec.java:59)
	at java.base/java.util.ArrayList.forEach(ArrayList.java:1511)
... Removed 32 stack frames
</div> <!-- stack-trace -->
                </div> <!-- method-content -->
              </div> <!-- method -->
            </div> <!-- main-panel-content rounded-window-bottom -->
          </div> <!-- suite-UrBudditestng-class-failed -->
          <div class="suite-UrBudditestng-class-failed">
            <div class="main-panel-header rounded-window-top">
              <img src="failed.png"/>
              <span class="class-name">urBuddi.Tests.Test014_Add_Edit_Delete_EmployeWithGenderAsOthersTestSpec</span>
            </div> <!-- main-panel-header rounded-window-top -->
            <div class="main-panel-content rounded-window-bottom">
              <div class="method">
                <div class="method-content">
                  <a name="verifyAddEditDeleteEmployeeWithOthersGenderIsSuccessful">
                  </a> <!-- verifyAddEditDeleteEmployeeWithOthersGenderIsSuccessful -->
                  <span class="method-name">verifyAddEditDeleteEmployeeWithOthersGenderIsSuccessful</span>
                  <div class="stack-trace">org.openqa.selenium.NoSuchSessionException: invalid session id
Build info: version: &apos;4.18.1&apos;, revision: &apos;b1d3319b48&apos;
System info: os.name: &apos;Windows 11&apos;, os.arch: &apos;amd64&apos;, os.version: &apos;10.0&apos;, java.version: &apos;17.0.10&apos;
Driver info: org.openqa.selenium.chrome.ChromeDriver
Command: [c2450bd1bcc64c6dd225ebf666f37e43, findElement {value=userEmail, using=id}]
Capabilities {acceptInsecureCerts: false, browserName: chrome, browserVersion: 133.0.6943.142, chrome: {chromedriverVersion: 133.0.6943.141 (2a5d6da0d61..., userDataDir: C:\Users\Lenovo\AppData\Loc...}, fedcm:accounts: true, goog:chromeOptions: {debuggerAddress: localhost:61356}, networkConnectionEnabled: false, pageLoadStrategy: normal, platformName: windows, proxy: Proxy(), se:cdp: ws://localhost:61356/devtoo..., se:cdpVersion: 133.0.6943.142, setWindowRect: true, strictFileInteractability: false, timeouts: {implicit: 0, pageLoad: 300000, script: 30000}, unhandledPromptBehavior: dismiss and notify, webauthn:extension:credBlob: true, webauthn:extension:largeBlob: true, webauthn:extension:minPinLength: true, webauthn:extension:prf: true, webauthn:virtualAuthenticators: true}
Session ID: c2450bd1bcc64c6dd225ebf666f37e43
	at org.openqa.selenium.remote.ErrorCodec.decode(ErrorCodec.java:167)
	at org.openqa.selenium.remote.codec.w3c.W3CHttpResponseCodec.decode(W3CHttpResponseCodec.java:138)
	at org.openqa.selenium.remote.codec.w3c.W3CHttpResponseCodec.decode(W3CHttpResponseCodec.java:50)
	at org.openqa.selenium.remote.HttpCommandExecutor.execute(HttpCommandExecutor.java:190)
	at org.openqa.selenium.remote.service.DriverCommandExecutor.invokeExecute(DriverCommandExecutor.java:216)
	at org.openqa.selenium.remote.service.DriverCommandExecutor.execute(DriverCommandExecutor.java:174)
	at org.openqa.selenium.remote.RemoteWebDriver.execute(RemoteWebDriver.java:519)
	at org.openqa.selenium.remote.ElementLocation$ElementFinder$2.findElement(ElementLocation.java:165)
	at org.openqa.selenium.remote.ElementLocation.findElement(ElementLocation.java:59)
	at org.openqa.selenium.remote.RemoteWebDriver.findElement(RemoteWebDriver.java:356)
	at org.openqa.selenium.remote.RemoteWebDriver.findElement(RemoteWebDriver.java:350)
	at org.openqa.selenium.support.ui.ExpectedConditions$7.apply(ExpectedConditions.java:194)
	at org.openqa.selenium.support.ui.ExpectedConditions$7.apply(ExpectedConditions.java:190)
	at org.openqa.selenium.support.ui.ExpectedConditions$22.apply(ExpectedConditions.java:627)
	at org.openqa.selenium.support.ui.ExpectedConditions$22.apply(ExpectedConditions.java:624)
	at org.openqa.selenium.support.ui.FluentWait.until(FluentWait.java:203)
	at urBuddi.Pages.LoginPage.loginToApplication(LoginPage.java:37)
	at urBuddi.Tests.Test014_Add_Edit_Delete_EmployeWithGenderAsOthersTestSpec.verifyAddEditDeleteEmployeeWithOthersGenderIsSuccessful(Test014_Add_Edit_Delete_EmployeWithGenderAsOthersTestSpec.java:59)
	at java.base/java.util.ArrayList.forEach(ArrayList.java:1511)
... Removed 32 stack frames
</div> <!-- stack-trace -->
                </div> <!-- method-content -->
              </div> <!-- method -->
            </div> <!-- main-panel-content rounded-window-bottom -->
          </div> <!-- suite-UrBudditestng-class-failed -->
          <div class="suite-UrBudditestng-class-failed">
            <div class="main-panel-header rounded-window-top">
              <img src="failed.png"/>
              <span class="class-name">urBuddi.Tests.Test013_Add_Edit_Delete_EmployeeWithGenderAsFemaleTestSpec</span>
            </div> <!-- main-panel-header rounded-window-top -->
            <div class="main-panel-content rounded-window-bottom">
              <div class="method">
                <div class="method-content">
                  <a name="verifyAddEditDeleteEmployeeWithFemaleGenderIsSuccessful">
                  </a> <!-- verifyAddEditDeleteEmployeeWithFemaleGenderIsSuccessful -->
                  <span class="method-name">verifyAddEditDeleteEmployeeWithFemaleGenderIsSuccessful</span>
                  <div class="stack-trace">org.openqa.selenium.NoSuchSessionException: invalid session id
Build info: version: &apos;4.18.1&apos;, revision: &apos;b1d3319b48&apos;
System info: os.name: &apos;Windows 11&apos;, os.arch: &apos;amd64&apos;, os.version: &apos;10.0&apos;, java.version: &apos;17.0.10&apos;
Driver info: org.openqa.selenium.chrome.ChromeDriver
Command: [c2450bd1bcc64c6dd225ebf666f37e43, findElement {value=userEmail, using=id}]
Capabilities {acceptInsecureCerts: false, browserName: chrome, browserVersion: 133.0.6943.142, chrome: {chromedriverVersion: 133.0.6943.141 (2a5d6da0d61..., userDataDir: C:\Users\Lenovo\AppData\Loc...}, fedcm:accounts: true, goog:chromeOptions: {debuggerAddress: localhost:61356}, networkConnectionEnabled: false, pageLoadStrategy: normal, platformName: windows, proxy: Proxy(), se:cdp: ws://localhost:61356/devtoo..., se:cdpVersion: 133.0.6943.142, setWindowRect: true, strictFileInteractability: false, timeouts: {implicit: 0, pageLoad: 300000, script: 30000}, unhandledPromptBehavior: dismiss and notify, webauthn:extension:credBlob: true, webauthn:extension:largeBlob: true, webauthn:extension:minPinLength: true, webauthn:extension:prf: true, webauthn:virtualAuthenticators: true}
Session ID: c2450bd1bcc64c6dd225ebf666f37e43
	at org.openqa.selenium.remote.ErrorCodec.decode(ErrorCodec.java:167)
	at org.openqa.selenium.remote.codec.w3c.W3CHttpResponseCodec.decode(W3CHttpResponseCodec.java:138)
	at org.openqa.selenium.remote.codec.w3c.W3CHttpResponseCodec.decode(W3CHttpResponseCodec.java:50)
	at org.openqa.selenium.remote.HttpCommandExecutor.execute(HttpCommandExecutor.java:190)
	at org.openqa.selenium.remote.service.DriverCommandExecutor.invokeExecute(DriverCommandExecutor.java:216)
	at org.openqa.selenium.remote.service.DriverCommandExecutor.execute(DriverCommandExecutor.java:174)
	at org.openqa.selenium.remote.RemoteWebDriver.execute(RemoteWebDriver.java:519)
	at org.openqa.selenium.remote.ElementLocation$ElementFinder$2.findElement(ElementLocation.java:165)
	at org.openqa.selenium.remote.ElementLocation.findElement(ElementLocation.java:59)
	at org.openqa.selenium.remote.RemoteWebDriver.findElement(RemoteWebDriver.java:356)
	at org.openqa.selenium.remote.RemoteWebDriver.findElement(RemoteWebDriver.java:350)
	at org.openqa.selenium.support.ui.ExpectedConditions$7.apply(ExpectedConditions.java:194)
	at org.openqa.selenium.support.ui.ExpectedConditions$7.apply(ExpectedConditions.java:190)
	at org.openqa.selenium.support.ui.ExpectedConditions$22.apply(ExpectedConditions.java:627)
	at org.openqa.selenium.support.ui.ExpectedConditions$22.apply(ExpectedConditions.java:624)
	at org.openqa.selenium.support.ui.FluentWait.until(FluentWait.java:203)
	at urBuddi.Pages.LoginPage.loginToApplication(LoginPage.java:37)
	at urBuddi.Tests.Test013_Add_Edit_Delete_EmployeeWithGenderAsFemaleTestSpec.verifyAddEditDeleteEmployeeWithFemaleGenderIsSuccessful(Test013_Add_Edit_Delete_EmployeeWithGenderAsFemaleTestSpec.java:59)
	at java.base/java.util.ArrayList.forEach(ArrayList.java:1511)
... Removed 32 stack frames
</div> <!-- stack-trace -->
                </div> <!-- method-content -->
              </div> <!-- method -->
            </div> <!-- main-panel-content rounded-window-bottom -->
          </div> <!-- suite-UrBudditestng-class-failed -->
          <div class="suite-UrBudditestng-class-failed">
            <div class="main-panel-header rounded-window-top">
              <img src="failed.png"/>
              <span class="class-name">urBuddi.Tests.Test016_Add_Edit_EmployeeWithStatusAsReleasedTestSpec</span>
            </div> <!-- main-panel-header rounded-window-top -->
            <div class="main-panel-content rounded-window-bottom">
              <div class="method">
                <div class="method-content">
                  <a name="verifyAddEditEmployeeWithReleasedStatusIsSuccessful">
                  </a> <!-- verifyAddEditEmployeeWithReleasedStatusIsSuccessful -->
                  <span class="method-name">verifyAddEditEmployeeWithReleasedStatusIsSuccessful</span>
                  <div class="stack-trace">org.openqa.selenium.NoSuchSessionException: invalid session id
Build info: version: &apos;4.18.1&apos;, revision: &apos;b1d3319b48&apos;
System info: os.name: &apos;Windows 11&apos;, os.arch: &apos;amd64&apos;, os.version: &apos;10.0&apos;, java.version: &apos;17.0.10&apos;
Driver info: org.openqa.selenium.chrome.ChromeDriver
Command: [c2450bd1bcc64c6dd225ebf666f37e43, findElement {value=userEmail, using=id}]
Capabilities {acceptInsecureCerts: false, browserName: chrome, browserVersion: 133.0.6943.142, chrome: {chromedriverVersion: 133.0.6943.141 (2a5d6da0d61..., userDataDir: C:\Users\Lenovo\AppData\Loc...}, fedcm:accounts: true, goog:chromeOptions: {debuggerAddress: localhost:61356}, networkConnectionEnabled: false, pageLoadStrategy: normal, platformName: windows, proxy: Proxy(), se:cdp: ws://localhost:61356/devtoo..., se:cdpVersion: 133.0.6943.142, setWindowRect: true, strictFileInteractability: false, timeouts: {implicit: 0, pageLoad: 300000, script: 30000}, unhandledPromptBehavior: dismiss and notify, webauthn:extension:credBlob: true, webauthn:extension:largeBlob: true, webauthn:extension:minPinLength: true, webauthn:extension:prf: true, webauthn:virtualAuthenticators: true}
Session ID: c2450bd1bcc64c6dd225ebf666f37e43
	at org.openqa.selenium.remote.ErrorCodec.decode(ErrorCodec.java:167)
	at org.openqa.selenium.remote.codec.w3c.W3CHttpResponseCodec.decode(W3CHttpResponseCodec.java:138)
	at org.openqa.selenium.remote.codec.w3c.W3CHttpResponseCodec.decode(W3CHttpResponseCodec.java:50)
	at org.openqa.selenium.remote.HttpCommandExecutor.execute(HttpCommandExecutor.java:190)
	at org.openqa.selenium.remote.service.DriverCommandExecutor.invokeExecute(DriverCommandExecutor.java:216)
	at org.openqa.selenium.remote.service.DriverCommandExecutor.execute(DriverCommandExecutor.java:174)
	at org.openqa.selenium.remote.RemoteWebDriver.execute(RemoteWebDriver.java:519)
	at org.openqa.selenium.remote.ElementLocation$ElementFinder$2.findElement(ElementLocation.java:165)
	at org.openqa.selenium.remote.ElementLocation.findElement(ElementLocation.java:59)
	at org.openqa.selenium.remote.RemoteWebDriver.findElement(RemoteWebDriver.java:356)
	at org.openqa.selenium.remote.RemoteWebDriver.findElement(RemoteWebDriver.java:350)
	at org.openqa.selenium.support.ui.ExpectedConditions$7.apply(ExpectedConditions.java:194)
	at org.openqa.selenium.support.ui.ExpectedConditions$7.apply(ExpectedConditions.java:190)
	at org.openqa.selenium.support.ui.ExpectedConditions$22.apply(ExpectedConditions.java:627)
	at org.openqa.selenium.support.ui.ExpectedConditions$22.apply(ExpectedConditions.java:624)
	at org.openqa.selenium.support.ui.FluentWait.until(FluentWait.java:203)
	at urBuddi.Pages.LoginPage.loginToApplication(LoginPage.java:37)
	at urBuddi.Tests.Test016_Add_Edit_EmployeeWithStatusAsReleasedTestSpec.verifyAddEditEmployeeWithReleasedStatusIsSuccessful(Test016_Add_Edit_EmployeeWithStatusAsReleasedTestSpec.java:59)
	at java.base/java.util.ArrayList.forEach(ArrayList.java:1511)
... Removed 32 stack frames
</div> <!-- stack-trace -->
                </div> <!-- method-content -->
              </div> <!-- method -->
            </div> <!-- main-panel-content rounded-window-bottom -->
          </div> <!-- suite-UrBudditestng-class-failed -->
          <div class="suite-UrBudditestng-class-failed">
            <div class="main-panel-header rounded-window-top">
              <img src="failed.png"/>
              <span class="class-name">urBuddi.Tests.Test_Apply_Cancel_LeaveWithRequestTypeAsLeaveTestSpec</span>
            </div> <!-- main-panel-header rounded-window-top -->
            <div class="main-panel-content rounded-window-bottom">
              <div class="method">
                <div class="method-content">
                  <a name="verifyApplyAndCancelLeaveIsSuccessful">
                  </a> <!-- verifyApplyAndCancelLeaveIsSuccessful -->
                  <span class="method-name">verifyApplyAndCancelLeaveIsSuccessful</span>
                  <div class="stack-trace">org.openqa.selenium.NoSuchSessionException: invalid session id
Build info: version: &apos;4.18.1&apos;, revision: &apos;b1d3319b48&apos;
System info: os.name: &apos;Windows 11&apos;, os.arch: &apos;amd64&apos;, os.version: &apos;10.0&apos;, java.version: &apos;17.0.10&apos;
Driver info: org.openqa.selenium.chrome.ChromeDriver
Command: [c2450bd1bcc64c6dd225ebf666f37e43, findElement {value=userEmail, using=id}]
Capabilities {acceptInsecureCerts: false, browserName: chrome, browserVersion: 133.0.6943.142, chrome: {chromedriverVersion: 133.0.6943.141 (2a5d6da0d61..., userDataDir: C:\Users\Lenovo\AppData\Loc...}, fedcm:accounts: true, goog:chromeOptions: {debuggerAddress: localhost:61356}, networkConnectionEnabled: false, pageLoadStrategy: normal, platformName: windows, proxy: Proxy(), se:cdp: ws://localhost:61356/devtoo..., se:cdpVersion: 133.0.6943.142, setWindowRect: true, strictFileInteractability: false, timeouts: {implicit: 0, pageLoad: 300000, script: 30000}, unhandledPromptBehavior: dismiss and notify, webauthn:extension:credBlob: true, webauthn:extension:largeBlob: true, webauthn:extension:minPinLength: true, webauthn:extension:prf: true, webauthn:virtualAuthenticators: true}
Session ID: c2450bd1bcc64c6dd225ebf666f37e43
	at org.openqa.selenium.remote.ErrorCodec.decode(ErrorCodec.java:167)
	at org.openqa.selenium.remote.codec.w3c.W3CHttpResponseCodec.decode(W3CHttpResponseCodec.java:138)
	at org.openqa.selenium.remote.codec.w3c.W3CHttpResponseCodec.decode(W3CHttpResponseCodec.java:50)
	at org.openqa.selenium.remote.HttpCommandExecutor.execute(HttpCommandExecutor.java:190)
	at org.openqa.selenium.remote.service.DriverCommandExecutor.invokeExecute(DriverCommandExecutor.java:216)
	at org.openqa.selenium.remote.service.DriverCommandExecutor.execute(DriverCommandExecutor.java:174)
	at org.openqa.selenium.remote.RemoteWebDriver.execute(RemoteWebDriver.java:519)
	at org.openqa.selenium.remote.ElementLocation$ElementFinder$2.findElement(ElementLocation.java:165)
	at org.openqa.selenium.remote.ElementLocation.findElement(ElementLocation.java:59)
	at org.openqa.selenium.remote.RemoteWebDriver.findElement(RemoteWebDriver.java:356)
	at org.openqa.selenium.remote.RemoteWebDriver.findElement(RemoteWebDriver.java:350)
	at org.openqa.selenium.support.ui.ExpectedConditions$7.apply(ExpectedConditions.java:194)
	at org.openqa.selenium.support.ui.ExpectedConditions$7.apply(ExpectedConditions.java:190)
	at org.openqa.selenium.support.ui.ExpectedConditions$22.apply(ExpectedConditions.java:627)
	at org.openqa.selenium.support.ui.ExpectedConditions$22.apply(ExpectedConditions.java:624)
	at org.openqa.selenium.support.ui.FluentWait.until(FluentWait.java:203)
	at urBuddi.Pages.LoginPage.loginToApplication(LoginPage.java:37)
	at urBuddi.Tests.Test_Apply_Cancel_LeaveWithRequestTypeAsLeaveTestSpec.verifyApplyAndCancelLeaveIsSuccessful(Test_Apply_Cancel_LeaveWithRequestTypeAsLeaveTestSpec.java:56)
	at java.base/java.util.ArrayList.forEach(ArrayList.java:1511)
... Removed 32 stack frames
</div> <!-- stack-trace -->
                </div> <!-- method-content -->
              </div> <!-- method -->
            </div> <!-- main-panel-content rounded-window-bottom -->
          </div> <!-- suite-UrBudditestng-class-failed -->
          <div class="suite-UrBudditestng-class-failed">
            <div class="main-panel-header rounded-window-top">
              <img src="failed.png"/>
              <span class="class-name">urBuddi.Tests.Test008_Add_Edit_Delete_EmployeeWithQualificationAsDegreeTestSpec</span>
            </div> <!-- main-panel-header rounded-window-top -->
            <div class="main-panel-content rounded-window-bottom">
              <div class="method">
                <div class="method-content">
                  <a name="verifyAddEditDeleteEmployeeWithDegreeQualificationIsSuccessful">
                  </a> <!-- verifyAddEditDeleteEmployeeWithDegreeQualificationIsSuccessful -->
                  <span class="method-name">verifyAddEditDeleteEmployeeWithDegreeQualificationIsSuccessful</span>
                  <div class="stack-trace">java.lang.AssertionError: Edit Employee Page Header text Is Not Showing expected [true] but found [false]
	at urBuddi.Pages.EditEmployeePage.verifyEditEmployeePage(EditEmployeePage.java:97)
	at urBuddi.Tests.Test008_Add_Edit_Delete_EmployeeWithQualificationAsDegreeTestSpec.verifyAddEditDeleteEmployeeWithDegreeQualificationIsSuccessful(Test008_Add_Edit_Delete_EmployeeWithQualificationAsDegreeTestSpec.java:70)
	at java.base/java.util.ArrayList.forEach(ArrayList.java:1511)
... Removed 30 stack frames
</div> <!-- stack-trace -->
                </div> <!-- method-content -->
              </div> <!-- method -->
            </div> <!-- main-panel-content rounded-window-bottom -->
          </div> <!-- suite-UrBudditestng-class-failed -->
          <div class="suite-UrBudditestng-class-failed">
            <div class="main-panel-header rounded-window-top">
              <img src="failed.png"/>
              <span class="class-name">urBuddi.Tests.Test009_Add_Edit_Delete_EmployeeWithQualificationAsBTechTestSpec</span>
            </div> <!-- main-panel-header rounded-window-top -->
            <div class="main-panel-content rounded-window-bottom">
              <div class="method">
                <div class="method-content">
                  <a name="verifyAddEditDeleteEmployeeWithBTechQualificationIsSuccessful">
                  </a> <!-- verifyAddEditDeleteEmployeeWithBTechQualificationIsSuccessful -->
                  <span class="method-name">verifyAddEditDeleteEmployeeWithBTechQualificationIsSuccessful</span>
                  <div class="stack-trace">org.openqa.selenium.TimeoutException: Expected condition failed: waiting for element to be clickable: By.id: userEmail (tried for 100 second(s) with 500 milliseconds interval)
Build info: version: &apos;4.18.1&apos;, revision: &apos;b1d3319b48&apos;
System info: os.name: &apos;Windows 11&apos;, os.arch: &apos;amd64&apos;, os.version: &apos;10.0&apos;, java.version: &apos;17.0.10&apos;
Driver info: org.openqa.selenium.chrome.ChromeDriver
Capabilities {acceptInsecureCerts: false, browserName: chrome, browserVersion: 133.0.6943.142, chrome: {chromedriverVersion: 133.0.6943.141 (2a5d6da0d61..., userDataDir: C:\Users\Lenovo\AppData\Loc...}, fedcm:accounts: true, goog:chromeOptions: {debuggerAddress: localhost:61356}, networkConnectionEnabled: false, pageLoadStrategy: normal, platformName: windows, proxy: Proxy(), se:cdp: ws://localhost:61356/devtoo..., se:cdpVersion: 133.0.6943.142, setWindowRect: true, strictFileInteractability: false, timeouts: {implicit: 0, pageLoad: 300000, script: 30000}, unhandledPromptBehavior: dismiss and notify, webauthn:extension:credBlob: true, webauthn:extension:largeBlob: true, webauthn:extension:minPinLength: true, webauthn:extension:prf: true, webauthn:virtualAuthenticators: true}
Session ID: c2450bd1bcc64c6dd225ebf666f37e43
	at org.openqa.selenium.support.ui.WebDriverWait.timeoutException(WebDriverWait.java:84)
	at org.openqa.selenium.support.ui.FluentWait.until(FluentWait.java:228)
	at urBuddi.Pages.LoginPage.loginToApplication(LoginPage.java:37)
	at urBuddi.Tests.Test009_Add_Edit_Delete_EmployeeWithQualificationAsBTechTestSpec.verifyAddEditDeleteEmployeeWithBTechQualificationIsSuccessful(Test009_Add_Edit_Delete_EmployeeWithQualificationAsBTechTestSpec.java:62)
	at java.base/java.util.ArrayList.forEach(ArrayList.java:1511)
... Removed 27 stack frames
</div> <!-- stack-trace -->
                </div> <!-- method-content -->
              </div> <!-- method -->
            </div> <!-- main-panel-content rounded-window-bottom -->
          </div> <!-- suite-UrBudditestng-class-failed -->
          <div class="suite-UrBudditestng-class-failed">
            <div class="main-panel-header rounded-window-top">
              <img src="failed.png"/>
              <span class="class-name">urBuddi.Tests.Test_Apply_Cancel_LeaveWithRequestTypeAsWFHTestSpec</span>
            </div> <!-- main-panel-header rounded-window-top -->
            <div class="main-panel-content rounded-window-bottom">
              <div class="method">
                <div class="method-content">
                  <a name="verifyApplyAndCancelLeaveIsSuccessful">
                  </a> <!-- verifyApplyAndCancelLeaveIsSuccessful -->
                  <span class="method-name">verifyApplyAndCancelLeaveIsSuccessful</span>
                  <div class="stack-trace">org.openqa.selenium.NoSuchSessionException: invalid session id
Build info: version: &apos;4.18.1&apos;, revision: &apos;b1d3319b48&apos;
System info: os.name: &apos;Windows 11&apos;, os.arch: &apos;amd64&apos;, os.version: &apos;10.0&apos;, java.version: &apos;17.0.10&apos;
Driver info: org.openqa.selenium.chrome.ChromeDriver
Command: [c2450bd1bcc64c6dd225ebf666f37e43, findElement {value=userEmail, using=id}]
Capabilities {acceptInsecureCerts: false, browserName: chrome, browserVersion: 133.0.6943.142, chrome: {chromedriverVersion: 133.0.6943.141 (2a5d6da0d61..., userDataDir: C:\Users\Lenovo\AppData\Loc...}, fedcm:accounts: true, goog:chromeOptions: {debuggerAddress: localhost:61356}, networkConnectionEnabled: false, pageLoadStrategy: normal, platformName: windows, proxy: Proxy(), se:cdp: ws://localhost:61356/devtoo..., se:cdpVersion: 133.0.6943.142, setWindowRect: true, strictFileInteractability: false, timeouts: {implicit: 0, pageLoad: 300000, script: 30000}, unhandledPromptBehavior: dismiss and notify, webauthn:extension:credBlob: true, webauthn:extension:largeBlob: true, webauthn:extension:minPinLength: true, webauthn:extension:prf: true, webauthn:virtualAuthenticators: true}
Session ID: c2450bd1bcc64c6dd225ebf666f37e43
	at org.openqa.selenium.remote.ErrorCodec.decode(ErrorCodec.java:167)
	at org.openqa.selenium.remote.codec.w3c.W3CHttpResponseCodec.decode(W3CHttpResponseCodec.java:138)
	at org.openqa.selenium.remote.codec.w3c.W3CHttpResponseCodec.decode(W3CHttpResponseCodec.java:50)
	at org.openqa.selenium.remote.HttpCommandExecutor.execute(HttpCommandExecutor.java:190)
	at org.openqa.selenium.remote.service.DriverCommandExecutor.invokeExecute(DriverCommandExecutor.java:216)
	at org.openqa.selenium.remote.service.DriverCommandExecutor.execute(DriverCommandExecutor.java:174)
	at org.openqa.selenium.remote.RemoteWebDriver.execute(RemoteWebDriver.java:519)
	at org.openqa.selenium.remote.ElementLocation$ElementFinder$2.findElement(ElementLocation.java:165)
	at org.openqa.selenium.remote.ElementLocation.findElement(ElementLocation.java:59)
	at org.openqa.selenium.remote.RemoteWebDriver.findElement(RemoteWebDriver.java:356)
	at org.openqa.selenium.remote.RemoteWebDriver.findElement(RemoteWebDriver.java:350)
	at org.openqa.selenium.support.ui.ExpectedConditions$7.apply(ExpectedConditions.java:194)
	at org.openqa.selenium.support.ui.ExpectedConditions$7.apply(ExpectedConditions.java:190)
	at org.openqa.selenium.support.ui.ExpectedConditions$22.apply(ExpectedConditions.java:627)
	at org.openqa.selenium.support.ui.ExpectedConditions$22.apply(ExpectedConditions.java:624)
	at org.openqa.selenium.support.ui.FluentWait.until(FluentWait.java:203)
	at urBuddi.Pages.LoginPage.loginToApplication(LoginPage.java:37)
	at urBuddi.Tests.Test_Apply_Cancel_LeaveWithRequestTypeAsWFHTestSpec.verifyApplyAndCancelLeaveIsSuccessful(Test_Apply_Cancel_LeaveWithRequestTypeAsWFHTestSpec.java:57)
	at java.base/java.util.ArrayList.forEach(ArrayList.java:1511)
... Removed 32 stack frames
</div> <!-- stack-trace -->
                </div> <!-- method-content -->
              </div> <!-- method -->
            </div> <!-- main-panel-content rounded-window-bottom -->
          </div> <!-- suite-UrBudditestng-class-failed -->
          <div class="suite-UrBudditestng-class-failed">
            <div class="main-panel-header rounded-window-top">
              <img src="failed.png"/>
              <span class="class-name">urBuddi.Tests.Test015_Add_Edit_Delete_EmployeeWithStatusAsActiveTestSpec</span>
            </div> <!-- main-panel-header rounded-window-top -->
            <div class="main-panel-content rounded-window-bottom">
              <div class="method">
                <div class="method-content">
                  <a name="verifyAddEditDeleteEmployeeWithActiveStatusIsSuccessful">
                  </a> <!-- verifyAddEditDeleteEmployeeWithActiveStatusIsSuccessful -->
                  <span class="method-name">verifyAddEditDeleteEmployeeWithActiveStatusIsSuccessful</span>
                  <div class="stack-trace">org.openqa.selenium.NoSuchSessionException: invalid session id
Build info: version: &apos;4.18.1&apos;, revision: &apos;b1d3319b48&apos;
System info: os.name: &apos;Windows 11&apos;, os.arch: &apos;amd64&apos;, os.version: &apos;10.0&apos;, java.version: &apos;17.0.10&apos;
Driver info: org.openqa.selenium.chrome.ChromeDriver
Command: [c2450bd1bcc64c6dd225ebf666f37e43, findElement {value=userEmail, using=id}]
Capabilities {acceptInsecureCerts: false, browserName: chrome, browserVersion: 133.0.6943.142, chrome: {chromedriverVersion: 133.0.6943.141 (2a5d6da0d61..., userDataDir: C:\Users\Lenovo\AppData\Loc...}, fedcm:accounts: true, goog:chromeOptions: {debuggerAddress: localhost:61356}, networkConnectionEnabled: false, pageLoadStrategy: normal, platformName: windows, proxy: Proxy(), se:cdp: ws://localhost:61356/devtoo..., se:cdpVersion: 133.0.6943.142, setWindowRect: true, strictFileInteractability: false, timeouts: {implicit: 0, pageLoad: 300000, script: 30000}, unhandledPromptBehavior: dismiss and notify, webauthn:extension:credBlob: true, webauthn:extension:largeBlob: true, webauthn:extension:minPinLength: true, webauthn:extension:prf: true, webauthn:virtualAuthenticators: true}
Session ID: c2450bd1bcc64c6dd225ebf666f37e43
	at org.openqa.selenium.remote.ErrorCodec.decode(ErrorCodec.java:167)
	at org.openqa.selenium.remote.codec.w3c.W3CHttpResponseCodec.decode(W3CHttpResponseCodec.java:138)
	at org.openqa.selenium.remote.codec.w3c.W3CHttpResponseCodec.decode(W3CHttpResponseCodec.java:50)
	at org.openqa.selenium.remote.HttpCommandExecutor.execute(HttpCommandExecutor.java:190)
	at org.openqa.selenium.remote.service.DriverCommandExecutor.invokeExecute(DriverCommandExecutor.java:216)
	at org.openqa.selenium.remote.service.DriverCommandExecutor.execute(DriverCommandExecutor.java:174)
	at org.openqa.selenium.remote.RemoteWebDriver.execute(RemoteWebDriver.java:519)
	at org.openqa.selenium.remote.ElementLocation$ElementFinder$2.findElement(ElementLocation.java:165)
	at org.openqa.selenium.remote.ElementLocation.findElement(ElementLocation.java:59)
	at org.openqa.selenium.remote.RemoteWebDriver.findElement(RemoteWebDriver.java:356)
	at org.openqa.selenium.remote.RemoteWebDriver.findElement(RemoteWebDriver.java:350)
	at org.openqa.selenium.support.ui.ExpectedConditions$7.apply(ExpectedConditions.java:194)
	at org.openqa.selenium.support.ui.ExpectedConditions$7.apply(ExpectedConditions.java:190)
	at org.openqa.selenium.support.ui.ExpectedConditions$22.apply(ExpectedConditions.java:627)
	at org.openqa.selenium.support.ui.ExpectedConditions$22.apply(ExpectedConditions.java:624)
	at org.openqa.selenium.support.ui.FluentWait.until(FluentWait.java:203)
	at urBuddi.Pages.LoginPage.loginToApplication(LoginPage.java:37)
	at urBuddi.Tests.Test015_Add_Edit_Delete_EmployeeWithStatusAsActiveTestSpec.verifyAddEditDeleteEmployeeWithActiveStatusIsSuccessful(Test015_Add_Edit_Delete_EmployeeWithStatusAsActiveTestSpec.java:59)
	at java.base/java.util.ArrayList.forEach(ArrayList.java:1511)
... Removed 32 stack frames
</div> <!-- stack-trace -->
                </div> <!-- method-content -->
              </div> <!-- method -->
            </div> <!-- main-panel-content rounded-window-bottom -->
          </div> <!-- suite-UrBudditestng-class-failed -->
          <div class="suite-UrBudditestng-class-failed">
            <div class="main-panel-header rounded-window-top">
              <img src="failed.png"/>
              <span class="class-name">urBuddi.Tests.Test012_Add_Edit_Delete_EmployeeWithGenderAsMaleTestSpec</span>
            </div> <!-- main-panel-header rounded-window-top -->
            <div class="main-panel-content rounded-window-bottom">
              <div class="method">
                <div class="method-content">
                  <a name="verifyAddEditDeleteEmployeeWithMaleGenderIsSuccessful">
                  </a> <!-- verifyAddEditDeleteEmployeeWithMaleGenderIsSuccessful -->
                  <span class="method-name">verifyAddEditDeleteEmployeeWithMaleGenderIsSuccessful</span>
                  <div class="stack-trace">org.openqa.selenium.NoSuchSessionException: invalid session id
Build info: version: &apos;4.18.1&apos;, revision: &apos;b1d3319b48&apos;
System info: os.name: &apos;Windows 11&apos;, os.arch: &apos;amd64&apos;, os.version: &apos;10.0&apos;, java.version: &apos;17.0.10&apos;
Driver info: org.openqa.selenium.chrome.ChromeDriver
Command: [c2450bd1bcc64c6dd225ebf666f37e43, findElement {value=userEmail, using=id}]
Capabilities {acceptInsecureCerts: false, browserName: chrome, browserVersion: 133.0.6943.142, chrome: {chromedriverVersion: 133.0.6943.141 (2a5d6da0d61..., userDataDir: C:\Users\Lenovo\AppData\Loc...}, fedcm:accounts: true, goog:chromeOptions: {debuggerAddress: localhost:61356}, networkConnectionEnabled: false, pageLoadStrategy: normal, platformName: windows, proxy: Proxy(), se:cdp: ws://localhost:61356/devtoo..., se:cdpVersion: 133.0.6943.142, setWindowRect: true, strictFileInteractability: false, timeouts: {implicit: 0, pageLoad: 300000, script: 30000}, unhandledPromptBehavior: dismiss and notify, webauthn:extension:credBlob: true, webauthn:extension:largeBlob: true, webauthn:extension:minPinLength: true, webauthn:extension:prf: true, webauthn:virtualAuthenticators: true}
Session ID: c2450bd1bcc64c6dd225ebf666f37e43
	at org.openqa.selenium.remote.ErrorCodec.decode(ErrorCodec.java:167)
	at org.openqa.selenium.remote.codec.w3c.W3CHttpResponseCodec.decode(W3CHttpResponseCodec.java:138)
	at org.openqa.selenium.remote.codec.w3c.W3CHttpResponseCodec.decode(W3CHttpResponseCodec.java:50)
	at org.openqa.selenium.remote.HttpCommandExecutor.execute(HttpCommandExecutor.java:190)
	at org.openqa.selenium.remote.service.DriverCommandExecutor.invokeExecute(DriverCommandExecutor.java:216)
	at org.openqa.selenium.remote.service.DriverCommandExecutor.execute(DriverCommandExecutor.java:174)
	at org.openqa.selenium.remote.RemoteWebDriver.execute(RemoteWebDriver.java:519)
	at org.openqa.selenium.remote.ElementLocation$ElementFinder$2.findElement(ElementLocation.java:165)
	at org.openqa.selenium.remote.ElementLocation.findElement(ElementLocation.java:59)
	at org.openqa.selenium.remote.RemoteWebDriver.findElement(RemoteWebDriver.java:356)
	at org.openqa.selenium.remote.RemoteWebDriver.findElement(RemoteWebDriver.java:350)
	at org.openqa.selenium.support.ui.ExpectedConditions$7.apply(ExpectedConditions.java:194)
	at org.openqa.selenium.support.ui.ExpectedConditions$7.apply(ExpectedConditions.java:190)
	at org.openqa.selenium.support.ui.ExpectedConditions$22.apply(ExpectedConditions.java:627)
	at org.openqa.selenium.support.ui.ExpectedConditions$22.apply(ExpectedConditions.java:624)
	at org.openqa.selenium.support.ui.FluentWait.until(FluentWait.java:203)
	at urBuddi.Pages.LoginPage.loginToApplication(LoginPage.java:37)
	at urBuddi.Tests.Test012_Add_Edit_Delete_EmployeeWithGenderAsMaleTestSpec.verifyAddEditDeleteEmployeeWithMaleGenderIsSuccessful(Test012_Add_Edit_Delete_EmployeeWithGenderAsMaleTestSpec.java:59)
	at java.base/java.util.ArrayList.forEach(ArrayList.java:1511)
... Removed 32 stack frames
</div> <!-- stack-trace -->
                </div> <!-- method-content -->
              </div> <!-- method -->
            </div> <!-- main-panel-content rounded-window-bottom -->
          </div> <!-- suite-UrBudditestng-class-failed -->
          <div class="suite-UrBudditestng-class-failed">
            <div class="main-panel-header rounded-window-top">
              <img src="failed.png"/>
              <span class="class-name">urBuddi.Tests.Test011_Add_Edit_Delete_EmployeeWithQualificationAsOtherTestSpec</span>
            </div> <!-- main-panel-header rounded-window-top -->
            <div class="main-panel-content rounded-window-bottom">
              <div class="method">
                <div class="method-content">
                  <a name="verifyAddEditDeleteEmployeeWithOtherQualificationIsSuccessful">
                  </a> <!-- verifyAddEditDeleteEmployeeWithOtherQualificationIsSuccessful -->
                  <span class="method-name">verifyAddEditDeleteEmployeeWithOtherQualificationIsSuccessful</span>
                  <div class="stack-trace">org.openqa.selenium.NoSuchSessionException: invalid session id
Build info: version: &apos;4.18.1&apos;, revision: &apos;b1d3319b48&apos;
System info: os.name: &apos;Windows 11&apos;, os.arch: &apos;amd64&apos;, os.version: &apos;10.0&apos;, java.version: &apos;17.0.10&apos;
Driver info: org.openqa.selenium.chrome.ChromeDriver
Command: [c2450bd1bcc64c6dd225ebf666f37e43, findElement {value=userEmail, using=id}]
Capabilities {acceptInsecureCerts: false, browserName: chrome, browserVersion: 133.0.6943.142, chrome: {chromedriverVersion: 133.0.6943.141 (2a5d6da0d61..., userDataDir: C:\Users\Lenovo\AppData\Loc...}, fedcm:accounts: true, goog:chromeOptions: {debuggerAddress: localhost:61356}, networkConnectionEnabled: false, pageLoadStrategy: normal, platformName: windows, proxy: Proxy(), se:cdp: ws://localhost:61356/devtoo..., se:cdpVersion: 133.0.6943.142, setWindowRect: true, strictFileInteractability: false, timeouts: {implicit: 0, pageLoad: 300000, script: 30000}, unhandledPromptBehavior: dismiss and notify, webauthn:extension:credBlob: true, webauthn:extension:largeBlob: true, webauthn:extension:minPinLength: true, webauthn:extension:prf: true, webauthn:virtualAuthenticators: true}
Session ID: c2450bd1bcc64c6dd225ebf666f37e43
	at org.openqa.selenium.remote.ErrorCodec.decode(ErrorCodec.java:167)
	at org.openqa.selenium.remote.codec.w3c.W3CHttpResponseCodec.decode(W3CHttpResponseCodec.java:138)
	at org.openqa.selenium.remote.codec.w3c.W3CHttpResponseCodec.decode(W3CHttpResponseCodec.java:50)
	at org.openqa.selenium.remote.HttpCommandExecutor.execute(HttpCommandExecutor.java:190)
	at org.openqa.selenium.remote.service.DriverCommandExecutor.invokeExecute(DriverCommandExecutor.java:216)
	at org.openqa.selenium.remote.service.DriverCommandExecutor.execute(DriverCommandExecutor.java:174)
	at org.openqa.selenium.remote.RemoteWebDriver.execute(RemoteWebDriver.java:519)
	at org.openqa.selenium.remote.ElementLocation$ElementFinder$2.findElement(ElementLocation.java:165)
	at org.openqa.selenium.remote.ElementLocation.findElement(ElementLocation.java:59)
	at org.openqa.selenium.remote.RemoteWebDriver.findElement(RemoteWebDriver.java:356)
	at org.openqa.selenium.remote.RemoteWebDriver.findElement(RemoteWebDriver.java:350)
	at org.openqa.selenium.support.ui.ExpectedConditions$7.apply(ExpectedConditions.java:194)
	at org.openqa.selenium.support.ui.ExpectedConditions$7.apply(ExpectedConditions.java:190)
	at org.openqa.selenium.support.ui.ExpectedConditions$22.apply(ExpectedConditions.java:627)
	at org.openqa.selenium.support.ui.ExpectedConditions$22.apply(ExpectedConditions.java:624)
	at org.openqa.selenium.support.ui.FluentWait.until(FluentWait.java:203)
	at urBuddi.Pages.LoginPage.loginToApplication(LoginPage.java:37)
	at urBuddi.Tests.Test011_Add_Edit_Delete_EmployeeWithQualificationAsOtherTestSpec.verifyAddEditDeleteEmployeeWithOtherQualificationIsSuccessful(Test011_Add_Edit_Delete_EmployeeWithQualificationAsOtherTestSpec.java:59)
	at java.base/java.util.ArrayList.forEach(ArrayList.java:1511)
... Removed 32 stack frames
</div> <!-- stack-trace -->
                </div> <!-- method-content -->
              </div> <!-- method -->
            </div> <!-- main-panel-content rounded-window-bottom -->
          </div> <!-- suite-UrBudditestng-class-failed -->
          <div class="suite-UrBudditestng-class-passed">
            <div class="main-panel-header rounded-window-top">
              <img src="passed.png"/>
              <span class="class-name">urBuddi.Tests.Test007_Add_Edit_Delete_EmployeeWithRoleAsLeadTestSpec</span>
            </div> <!-- main-panel-header rounded-window-top -->
            <div class="main-panel-content rounded-window-bottom">
              <div class="method">
                <div class="method-content">
                  <a name="verifyAddEditDeleteEmployeeWithLeadRoleIsSuccessful">
                  </a> <!-- verifyAddEditDeleteEmployeeWithLeadRoleIsSuccessful -->
                  <span class="method-name">verifyAddEditDeleteEmployeeWithLeadRoleIsSuccessful</span>
                </div> <!-- method-content -->
              </div> <!-- method -->
            </div> <!-- main-panel-content rounded-window-bottom -->
          </div> <!-- suite-UrBudditestng-class-passed -->
          <div class="suite-UrBudditestng-class-passed">
            <div class="main-panel-header rounded-window-top">
              <img src="passed.png"/>
              <span class="class-name">urBuddi.Tests.Test002_LoginTestSpec</span>
            </div> <!-- main-panel-header rounded-window-top -->
            <div class="main-panel-content rounded-window-bottom">
              <div class="method">
                <div class="method-content">
                  <a name="verifyLoginIsSuccess">
                  </a> <!-- verifyLoginIsSuccess -->
                  <span class="method-name">verifyLoginIsSuccess</span>
                </div> <!-- method-content -->
              </div> <!-- method -->
            </div> <!-- main-panel-content rounded-window-bottom -->
          </div> <!-- suite-UrBudditestng-class-passed -->
          <div class="suite-UrBudditestng-class-passed">
            <div class="main-panel-header rounded-window-top">
              <img src="passed.png"/>
              <span class="class-name">urBuddi.Tests.Test001_LoginPageVerificationTestSpec</span>
            </div> <!-- main-panel-header rounded-window-top -->
            <div class="main-panel-content rounded-window-bottom">
              <div class="method">
                <div class="method-content">
                  <a name="verificationOfLoginPageIsSuccess">
                  </a> <!-- verificationOfLoginPageIsSuccess -->
                  <span class="method-name">verificationOfLoginPageIsSuccess</span>
                </div> <!-- method-content -->
              </div> <!-- method -->
            </div> <!-- main-panel-content rounded-window-bottom -->
          </div> <!-- suite-UrBudditestng-class-passed -->
          <div class="suite-UrBudditestng-class-passed">
            <div class="main-panel-header rounded-window-top">
              <img src="passed.png"/>
              <span class="class-name">urBuddi.Tests.Test005_Add_Edit_Delete_EmployeeWithRoleAsAdminTestSpec</span>
            </div> <!-- main-panel-header rounded-window-top -->
            <div class="main-panel-content rounded-window-bottom">
              <div class="method">
                <div class="method-content">
                  <a name="verifyAddEditDeleteEmployeeWithAdminRoleIsSuccessful">
                  </a> <!-- verifyAddEditDeleteEmployeeWithAdminRoleIsSuccessful -->
                  <span class="method-name">verifyAddEditDeleteEmployeeWithAdminRoleIsSuccessful</span>
                </div> <!-- method-content -->
              </div> <!-- method -->
            </div> <!-- main-panel-content rounded-window-bottom -->
          </div> <!-- suite-UrBudditestng-class-passed -->
          <div class="suite-UrBudditestng-class-passed">
            <div class="main-panel-header rounded-window-top">
              <img src="passed.png"/>
              <span class="class-name">urBuddi.Tests.Test006_Add_Edit_Delete_EmployeeWithRoleAsHRTestSpec</span>
            </div> <!-- main-panel-header rounded-window-top -->
            <div class="main-panel-content rounded-window-bottom">
              <div class="method">
                <div class="method-content">
                  <a name="verifyAddEditDeleteEmployeeWithHRRoleIsSuccessful">
                  </a> <!-- verifyAddEditDeleteEmployeeWithHRRoleIsSuccessful -->
                  <span class="method-name">verifyAddEditDeleteEmployeeWithHRRoleIsSuccessful</span>
                </div> <!-- method-content -->
              </div> <!-- method -->
            </div> <!-- main-panel-content rounded-window-bottom -->
          </div> <!-- suite-UrBudditestng-class-passed -->
          <div class="suite-UrBudditestng-class-passed">
            <div class="main-panel-header rounded-window-top">
              <img src="passed.png"/>
              <span class="class-name">urBuddi.Tests.Test004_Add_Edit_Delete_EmployeeWithRoleAsEmployeeTestSpec</span>
            </div> <!-- main-panel-header rounded-window-top -->
            <div class="main-panel-content rounded-window-bottom">
              <div class="method">
                <div class="method-content">
                  <a name="verifyAddEditDeleteEmployeeWithEmployeeRoleIsSuccessful">
                  </a> <!-- verifyAddEditDeleteEmployeeWithEmployeeRoleIsSuccessful -->
                  <span class="method-name">verifyAddEditDeleteEmployeeWithEmployeeRoleIsSuccessful</span>
                </div> <!-- method-content -->
              </div> <!-- method -->
            </div> <!-- main-panel-content rounded-window-bottom -->
          </div> <!-- suite-UrBudditestng-class-passed -->
        </div> <!-- panel UrBudditestng -->
        <div panel-name="test-xml-UrBudditestng" class="panel">
          <div class="main-panel-header rounded-window-top">
            <span class="header-content">D:\Automation\selenium-testng\testng.xml</span>
          </div> <!-- main-panel-header rounded-window-top -->
          <div class="main-panel-content rounded-window-bottom">
            <pre>
&lt;?xml version=&quot;1.0&quot; encoding=&quot;UTF-8&quot;?&gt;
&lt;!DOCTYPE suite SYSTEM &quot;https://testng.org/testng-1.0.dtd&quot;&gt;
&lt;suite name=&quot;UrBudditestng&quot; guice-stage=&quot;DEVELOPMENT&quot;&gt;
  &lt;test thread-count=&quot;5&quot; name=&quot;UrBuddiTestspecs&quot;&gt;
    &lt;classes&gt;
      &lt;class name=&quot;urBuddi.Tests.Test001_LoginPageVerificationTestSpec&quot;/&gt;
      &lt;class name=&quot;urBuddi.Tests.Test002_LoginTestSpec&quot;/&gt;
      &lt;class name=&quot;urBuddi.Tests.Test004_Add_Edit_Delete_EmployeeWithRoleAsEmployeeTestSpec&quot;/&gt;
      &lt;class name=&quot;urBuddi.Tests.Test005_Add_Edit_Delete_EmployeeWithRoleAsAdminTestSpec&quot;/&gt;
      &lt;class name=&quot;urBuddi.Tests.Test006_Add_Edit_Delete_EmployeeWithRoleAsHRTestSpec&quot;/&gt;
      &lt;class name=&quot;urBuddi.Tests.Test007_Add_Edit_Delete_EmployeeWithRoleAsLeadTestSpec&quot;/&gt;
      &lt;class name=&quot;urBuddi.Tests.Test008_Add_Edit_Delete_EmployeeWithQualificationAsDegreeTestSpec&quot;/&gt;
      &lt;class name=&quot;urBuddi.Tests.Test009_Add_Edit_Delete_EmployeeWithQualificationAsBTechTestSpec&quot;/&gt;
      &lt;class name=&quot;urBuddi.Tests.Test010_Add_Edit_Delete_EmployeeWithQualificationAsPGTestSpec&quot;/&gt;
      &lt;class name=&quot;urBuddi.Tests.Test011_Add_Edit_Delete_EmployeeWithQualificationAsOtherTestSpec&quot;/&gt;
      &lt;class name=&quot;urBuddi.Tests.Test012_Add_Edit_Delete_EmployeeWithGenderAsMaleTestSpec&quot;/&gt;
      &lt;class name=&quot;urBuddi.Tests.Test013_Add_Edit_Delete_EmployeeWithGenderAsFemaleTestSpec&quot;/&gt;
      &lt;class name=&quot;urBuddi.Tests.Test014_Add_Edit_Delete_EmployeWithGenderAsOthersTestSpec&quot;/&gt;
      &lt;class name=&quot;urBuddi.Tests.Test015_Add_Edit_Delete_EmployeeWithStatusAsActiveTestSpec&quot;/&gt;
      &lt;class name=&quot;urBuddi.Tests.Test016_Add_Edit_EmployeeWithStatusAsReleasedTestSpec&quot;/&gt;
      &lt;class name=&quot;urBuddi.Tests.Test_Apply_Cancel_LeaveWithRequestTypeAsLeaveTestSpec&quot;/&gt;
      &lt;class name=&quot;urBuddi.Tests.Test_Apply_Cancel_LeaveWithRequestTypeAsWFHTestSpec&quot;/&gt;
    &lt;/classes&gt;
  &lt;/test&gt; &lt;!-- UrBuddiTestspecs --&gt;
&lt;/suite&gt; &lt;!-- UrBudditestng --&gt;
            </pre>
          </div> <!-- main-panel-content rounded-window-bottom -->
        </div> <!-- panel -->
        <div panel-name="testlist-UrBudditestng" class="panel">
          <div class="main-panel-header rounded-window-top">
            <span class="header-content">Tests for UrBudditestng</span>
          </div> <!-- main-panel-header rounded-window-top -->
          <div class="main-panel-content rounded-window-bottom">
            <ul>
              <li>
                <span class="test-name">UrBuddiTestspecs (17 classes)</span>
              </li>
            </ul>
          </div> <!-- main-panel-content rounded-window-bottom -->
        </div> <!-- panel -->
        <div panel-name="group-UrBudditestng" class="panel">
          <div class="main-panel-header rounded-window-top">
            <span class="header-content">Groups for UrBudditestng</span>
          </div> <!-- main-panel-header rounded-window-top -->
          <div class="main-panel-content rounded-window-bottom">
          </div> <!-- main-panel-content rounded-window-bottom -->
        </div> <!-- panel -->
        <div panel-name="times-UrBudditestng" class="panel">
          <div class="main-panel-header rounded-window-top">
            <span class="header-content">Times for UrBudditestng</span>
          </div> <!-- main-panel-header rounded-window-top -->
          <div class="main-panel-content rounded-window-bottom">
            <div class="times-div">
              <script type="text/javascript">
suiteTableInitFunctions.push('tableData_UrBudditestng');
function tableData_UrBudditestng() {
var data = new google.visualization.DataTable();
data.addColumn('number', 'Number');
data.addColumn('string', 'Method');
data.addColumn('string', 'Class');
data.addColumn('number', 'Time (ms)');
data.addRows(17);
data.setCell(0, 0, 0)
data.setCell(0, 1, 'verifyAddEditDeleteEmployeeWithBTechQualificationIsSuccessful')
data.setCell(0, 2, 'urBuddi.Tests.Test009_Add_Edit_Delete_EmployeeWithQualificationAsBTechTestSpec')
data.setCell(0, 3, 100446);
data.setCell(1, 0, 1)
data.setCell(1, 1, 'verifyAddEditDeleteEmployeeWithPGQualificationIsSuccessful')
data.setCell(1, 2, 'urBuddi.Tests.Test010_Add_Edit_Delete_EmployeeWithQualificationAsPGTestSpec')
data.setCell(1, 3, 70698);
data.setCell(2, 0, 2)
data.setCell(2, 1, 'verifyAddEditDeleteEmployeeWithEmployeeRoleIsSuccessful')
data.setCell(2, 2, 'urBuddi.Tests.Test004_Add_Edit_Delete_EmployeeWithRoleAsEmployeeTestSpec')
data.setCell(2, 3, 30550);
data.setCell(3, 0, 3)
data.setCell(3, 1, 'verifyAddEditDeleteEmployeeWithHRRoleIsSuccessful')
data.setCell(3, 2, 'urBuddi.Tests.Test006_Add_Edit_Delete_EmployeeWithRoleAsHRTestSpec')
data.setCell(3, 3, 20116);
data.setCell(4, 0, 4)
data.setCell(4, 1, 'verifyAddEditDeleteEmployeeWithLeadRoleIsSuccessful')
data.setCell(4, 2, 'urBuddi.Tests.Test007_Add_Edit_Delete_EmployeeWithRoleAsLeadTestSpec')
data.setCell(4, 3, 17466);
data.setCell(5, 0, 5)
data.setCell(5, 1, 'verifyAddEditDeleteEmployeeWithAdminRoleIsSuccessful')
data.setCell(5, 2, 'urBuddi.Tests.Test005_Add_Edit_Delete_EmployeeWithRoleAsAdminTestSpec')
data.setCell(5, 3, 14482);
data.setCell(6, 0, 6)
data.setCell(6, 1, 'verifyAddEditDeleteEmployeeWithDegreeQualificationIsSuccessful')
data.setCell(6, 2, 'urBuddi.Tests.Test008_Add_Edit_Delete_EmployeeWithQualificationAsDegreeTestSpec')
data.setCell(6, 3, 13144);
data.setCell(7, 0, 7)
data.setCell(7, 1, 'verifyLoginIsSuccess')
data.setCell(7, 2, 'urBuddi.Tests.Test002_LoginTestSpec')
data.setCell(7, 3, 1551);
data.setCell(8, 0, 8)
data.setCell(8, 1, 'verificationOfLoginPageIsSuccess')
data.setCell(8, 2, 'urBuddi.Tests.Test001_LoginPageVerificationTestSpec')
data.setCell(8, 3, 319);
data.setCell(9, 0, 9)
data.setCell(9, 1, 'verifyAddEditDeleteEmployeeWithOtherQualificationIsSuccessful')
data.setCell(9, 2, 'urBuddi.Tests.Test011_Add_Edit_Delete_EmployeeWithQualificationAsOtherTestSpec')
data.setCell(9, 3, 85);
data.setCell(10, 0, 10)
data.setCell(10, 1, 'verifyApplyAndCancelLeaveIsSuccessful')
data.setCell(10, 2, 'urBuddi.Tests.Test_Apply_Cancel_LeaveWithRequestTypeAsLeaveTestSpec')
data.setCell(10, 3, 5);
data.setCell(11, 0, 11)
data.setCell(11, 1, 'verifyAddEditDeleteEmployeeWithFemaleGenderIsSuccessful')
data.setCell(11, 2, 'urBuddi.Tests.Test013_Add_Edit_Delete_EmployeeWithGenderAsFemaleTestSpec')
data.setCell(11, 3, 3);
data.setCell(12, 0, 12)
data.setCell(12, 1, 'verifyAddEditDeleteEmployeeWithActiveStatusIsSuccessful')
data.setCell(12, 2, 'urBuddi.Tests.Test015_Add_Edit_Delete_EmployeeWithStatusAsActiveTestSpec')
data.setCell(12, 3, 3);
data.setCell(13, 0, 13)
data.setCell(13, 1, 'verifyAddEditEmployeeWithReleasedStatusIsSuccessful')
data.setCell(13, 2, 'urBuddi.Tests.Test016_Add_Edit_EmployeeWithStatusAsReleasedTestSpec')
data.setCell(13, 3, 3);
data.setCell(14, 0, 14)
data.setCell(14, 1, 'verifyApplyAndCancelLeaveIsSuccessful')
data.setCell(14, 2, 'urBuddi.Tests.Test_Apply_Cancel_LeaveWithRequestTypeAsWFHTestSpec')
data.setCell(14, 3, 2);
data.setCell(15, 0, 15)
data.setCell(15, 1, 'verifyAddEditDeleteEmployeeWithOthersGenderIsSuccessful')
data.setCell(15, 2, 'urBuddi.Tests.Test014_Add_Edit_Delete_EmployeWithGenderAsOthersTestSpec')
data.setCell(15, 3, 2);
data.setCell(16, 0, 16)
data.setCell(16, 1, 'verifyAddEditDeleteEmployeeWithMaleGenderIsSuccessful')
data.setCell(16, 2, 'urBuddi.Tests.Test012_Add_Edit_Delete_EmployeeWithGenderAsMaleTestSpec')
data.setCell(16, 3, 2);
window.suiteTableData['UrBudditestng']= { tableData: data, tableDiv: 'times-div-UrBudditestng'}
return data;
}
              </script>
              <span class="suite-total-time">Total running time: 4 minutes</span>
              <div id="times-div-UrBudditestng">
              </div> <!-- times-div-UrBudditestng -->
            </div> <!-- times-div -->
          </div> <!-- main-panel-content rounded-window-bottom -->
        </div> <!-- panel -->
        <div panel-name="reporter-UrBudditestng" class="panel">
          <div class="main-panel-header rounded-window-top">
            <span class="header-content">Reporter output for UrBudditestng</span>
          </div> <!-- main-panel-header rounded-window-top -->
          <div class="main-panel-content rounded-window-bottom">
          </div> <!-- main-panel-content rounded-window-bottom -->
        </div> <!-- panel -->
        <div panel-name="ignored-methods-UrBudditestng" class="panel">
          <div class="main-panel-header rounded-window-top">
            <span class="header-content">0 ignored methods</span>
          </div> <!-- main-panel-header rounded-window-top -->
          <div class="main-panel-content rounded-window-bottom">
          </div> <!-- main-panel-content rounded-window-bottom -->
        </div> <!-- panel -->
        <div panel-name="chronological-UrBudditestng" class="panel">
          <div class="main-panel-header rounded-window-top">
            <span class="header-content">Methods in chronological order</span>
          </div> <!-- main-panel-header rounded-window-top -->
          <div class="main-panel-content rounded-window-bottom">
            <div class="chronological-class">
              <div class="chronological-class-name">urBuddi.Tests.Test001_LoginPageVerificationTestSpec</div> <!-- chronological-class-name -->
              <div class="configuration-test before">
                <span class="method-name">browserLaunch</span>
                <span class="method-start">0 ms</span>
              </div> <!-- configuration-test before -->
            </div> <!-- chronological-class -->
            <div class="chronological-class">
              <div class="chronological-class-name">urBuddi.Tests.Test002_LoginTestSpec</div> <!-- chronological-class-name -->
              <div class="configuration-test before">
                <span class="method-name">browserLaunch</span>
                <span class="method-start">4303 ms</span>
              </div> <!-- configuration-test before -->
            </div> <!-- chronological-class -->
            <div class="chronological-class">
              <div class="chronological-class-name">urBuddi.Tests.Test004_Add_Edit_Delete_EmployeeWithRoleAsEmployeeTestSpec</div> <!-- chronological-class-name -->
              <div class="configuration-test before">
                <span class="method-name">browserLaunch</span>
                <span class="method-start">4527 ms</span>
              </div> <!-- configuration-test before -->
            </div> <!-- chronological-class -->
            <div class="chronological-class">
              <div class="chronological-class-name">urBuddi.Tests.Test005_Add_Edit_Delete_EmployeeWithRoleAsAdminTestSpec</div> <!-- chronological-class-name -->
              <div class="configuration-test before">
                <span class="method-name">browserLaunch</span>
                <span class="method-start">4765 ms</span>
              </div> <!-- configuration-test before -->
            </div> <!-- chronological-class -->
            <div class="chronological-class">
              <div class="chronological-class-name">urBuddi.Tests.Test006_Add_Edit_Delete_EmployeeWithRoleAsHRTestSpec</div> <!-- chronological-class-name -->
              <div class="configuration-test before">
                <span class="method-name">browserLaunch</span>
                <span class="method-start">4897 ms</span>
              </div> <!-- configuration-test before -->
            </div> <!-- chronological-class -->
            <div class="chronological-class">
              <div class="chronological-class-name">urBuddi.Tests.Test007_Add_Edit_Delete_EmployeeWithRoleAsLeadTestSpec</div> <!-- chronological-class-name -->
              <div class="configuration-test before">
                <span class="method-name">browserLaunch</span>
                <span class="method-start">5013 ms</span>
              </div> <!-- configuration-test before -->
            </div> <!-- chronological-class -->
            <div class="chronological-class">
              <div class="chronological-class-name">urBuddi.Tests.Test008_Add_Edit_Delete_EmployeeWithQualificationAsDegreeTestSpec</div> <!-- chronological-class-name -->
              <div class="configuration-test before">
                <span class="method-name">browserLaunch</span>
                <span class="method-start">5125 ms</span>
              </div> <!-- configuration-test before -->
            </div> <!-- chronological-class -->
            <div class="chronological-class">
              <div class="chronological-class-name">urBuddi.Tests.Test009_Add_Edit_Delete_EmployeeWithQualificationAsBTechTestSpec</div> <!-- chronological-class-name -->
              <div class="configuration-test before">
                <span class="method-name">browserLaunch</span>
                <span class="method-start">5240 ms</span>
              </div> <!-- configuration-test before -->
            </div> <!-- chronological-class -->
            <div class="chronological-class">
              <div class="chronological-class-name">urBuddi.Tests.Test010_Add_Edit_Delete_EmployeeWithQualificationAsPGTestSpec</div> <!-- chronological-class-name -->
              <div class="configuration-test before">
                <span class="method-name">browserLaunch</span>
                <span class="method-start">5350 ms</span>
              </div> <!-- configuration-test before -->
            </div> <!-- chronological-class -->
            <div class="chronological-class">
              <div class="chronological-class-name">urBuddi.Tests.Test011_Add_Edit_Delete_EmployeeWithQualificationAsOtherTestSpec</div> <!-- chronological-class-name -->
              <div class="configuration-test before">
                <span class="method-name">browserLaunch</span>
                <span class="method-start">5442 ms</span>
              </div> <!-- configuration-test before -->
            </div> <!-- chronological-class -->
            <div class="chronological-class">
              <div class="chronological-class-name">urBuddi.Tests.Test012_Add_Edit_Delete_EmployeeWithGenderAsMaleTestSpec</div> <!-- chronological-class-name -->
              <div class="configuration-test before">
                <span class="method-name">browserLaunch</span>
                <span class="method-start">5532 ms</span>
              </div> <!-- configuration-test before -->
            </div> <!-- chronological-class -->
            <div class="chronological-class">
              <div class="chronological-class-name">urBuddi.Tests.Test013_Add_Edit_Delete_EmployeeWithGenderAsFemaleTestSpec</div> <!-- chronological-class-name -->
              <div class="configuration-test before">
                <span class="method-name">browserLaunch</span>
                <span class="method-start">5626 ms</span>
              </div> <!-- configuration-test before -->
            </div> <!-- chronological-class -->
            <div class="chronological-class">
              <div class="chronological-class-name">urBuddi.Tests.Test014_Add_Edit_Delete_EmployeWithGenderAsOthersTestSpec</div> <!-- chronological-class-name -->
              <div class="configuration-test before">
                <span class="method-name">browserLaunch</span>
                <span class="method-start">5719 ms</span>
              </div> <!-- configuration-test before -->
            </div> <!-- chronological-class -->
            <div class="chronological-class">
              <div class="chronological-class-name">urBuddi.Tests.Test015_Add_Edit_Delete_EmployeeWithStatusAsActiveTestSpec</div> <!-- chronological-class-name -->
              <div class="configuration-test before">
                <span class="method-name">browserLaunch</span>
                <span class="method-start">5809 ms</span>
              </div> <!-- configuration-test before -->
            </div> <!-- chronological-class -->
            <div class="chronological-class">
              <div class="chronological-class-name">urBuddi.Tests.Test016_Add_Edit_EmployeeWithStatusAsReleasedTestSpec</div> <!-- chronological-class-name -->
              <div class="configuration-test before">
                <span class="method-name">browserLaunch</span>
                <span class="method-start">5895 ms</span>
              </div> <!-- configuration-test before -->
            </div> <!-- chronological-class -->
            <div class="chronological-class">
              <div class="chronological-class-name">urBuddi.Tests.Test_Apply_Cancel_LeaveWithRequestTypeAsLeaveTestSpec</div> <!-- chronological-class-name -->
              <div class="configuration-test before">
                <span class="method-name">browserLaunch</span>
                <span class="method-start">5986 ms</span>
              </div> <!-- configuration-test before -->
            </div> <!-- chronological-class -->
            <div class="chronological-class">
              <div class="chronological-class-name">urBuddi.Tests.Test_Apply_Cancel_LeaveWithRequestTypeAsWFHTestSpec</div> <!-- chronological-class-name -->
              <div class="configuration-test before">
                <span class="method-name">browserLaunch</span>
                <span class="method-start">6110 ms</span>
              </div> <!-- configuration-test before -->
            </div> <!-- chronological-class -->
            <div class="chronological-class">
              <div class="chronological-class-name">urBuddi.Tests.Test001_LoginPageVerificationTestSpec</div> <!-- chronological-class-name -->
              <div class="test-method">
                <span class="method-name">verificationOfLoginPageIsSuccess</span>
                <span class="method-start">6239 ms</span>
              </div> <!-- test-method -->
            </div> <!-- chronological-class -->
            <div class="chronological-class">
              <div class="chronological-class-name">urBuddi.Tests.Test002_LoginTestSpec</div> <!-- chronological-class-name -->
              <div class="test-method">
                <span class="method-name">verifyLoginIsSuccess</span>
                <span class="method-start">6564 ms</span>
              </div> <!-- test-method -->
            </div> <!-- chronological-class -->
            <div class="chronological-class">
              <div class="chronological-class-name">urBuddi.Tests.Test004_Add_Edit_Delete_EmployeeWithRoleAsEmployeeTestSpec</div> <!-- chronological-class-name -->
              <div class="test-method">
                <span class="method-name">verifyAddEditDeleteEmployeeWithEmployeeRoleIsSuccessful</span>
                <span class="method-start">8120 ms</span>
              </div> <!-- test-method -->
            </div> <!-- chronological-class -->
            <div class="chronological-class">
              <div class="chronological-class-name">urBuddi.Tests.Test005_Add_Edit_Delete_EmployeeWithRoleAsAdminTestSpec</div> <!-- chronological-class-name -->
              <div class="test-method">
                <span class="method-name">verifyAddEditDeleteEmployeeWithAdminRoleIsSuccessful</span>
                <span class="method-start">38674 ms</span>
              </div> <!-- test-method -->
            </div> <!-- chronological-class -->
            <div class="chronological-class">
              <div class="chronological-class-name">urBuddi.Tests.Test006_Add_Edit_Delete_EmployeeWithRoleAsHRTestSpec</div> <!-- chronological-class-name -->
              <div class="test-method">
                <span class="method-name">verifyAddEditDeleteEmployeeWithHRRoleIsSuccessful</span>
                <span class="method-start">53161 ms</span>
              </div> <!-- test-method -->
            </div> <!-- chronological-class -->
            <div class="chronological-class">
              <div class="chronological-class-name">urBuddi.Tests.Test007_Add_Edit_Delete_EmployeeWithRoleAsLeadTestSpec</div> <!-- chronological-class-name -->
              <div class="test-method">
                <span class="method-name">verifyAddEditDeleteEmployeeWithLeadRoleIsSuccessful</span>
                <span class="method-start">73277 ms</span>
              </div> <!-- test-method -->
            </div> <!-- chronological-class -->
            <div class="chronological-class">
              <div class="chronological-class-name">urBuddi.Tests.Test008_Add_Edit_Delete_EmployeeWithQualificationAsDegreeTestSpec</div> <!-- chronological-class-name -->
              <div class="test-method">
                <img src="failed.png">
                </img>
                <span class="method-name">verifyAddEditDeleteEmployeeWithDegreeQualificationIsSuccessful</span>
                <span class="method-start">90747 ms</span>
              </div> <!-- test-method -->
            </div> <!-- chronological-class -->
            <div class="chronological-class">
              <div class="chronological-class-name">urBuddi.Tests.Test009_Add_Edit_Delete_EmployeeWithQualificationAsBTechTestSpec</div> <!-- chronological-class-name -->
              <div class="test-method">
                <img src="failed.png">
                </img>
                <span class="method-name">verifyAddEditDeleteEmployeeWithBTechQualificationIsSuccessful</span>
                <span class="method-start">103895 ms</span>
              </div> <!-- test-method -->
            </div> <!-- chronological-class -->
            <div class="chronological-class">
              <div class="chronological-class-name">urBuddi.Tests.Test010_Add_Edit_Delete_EmployeeWithQualificationAsPGTestSpec</div> <!-- chronological-class-name -->
              <div class="test-method">
                <img src="failed.png">
                </img>
                <span class="method-name">verifyAddEditDeleteEmployeeWithPGQualificationIsSuccessful</span>
                <span class="method-start">204347 ms</span>
              </div> <!-- test-method -->
            </div> <!-- chronological-class -->
            <div class="chronological-class">
              <div class="chronological-class-name">urBuddi.Tests.Test011_Add_Edit_Delete_EmployeeWithQualificationAsOtherTestSpec</div> <!-- chronological-class-name -->
              <div class="test-method">
                <img src="failed.png">
                </img>
                <span class="method-name">verifyAddEditDeleteEmployeeWithOtherQualificationIsSuccessful</span>
                <span class="method-start">275047 ms</span>
              </div> <!-- test-method -->
            </div> <!-- chronological-class -->
            <div class="chronological-class">
              <div class="chronological-class-name">urBuddi.Tests.Test012_Add_Edit_Delete_EmployeeWithGenderAsMaleTestSpec</div> <!-- chronological-class-name -->
              <div class="test-method">
                <img src="failed.png">
                </img>
                <span class="method-name">verifyAddEditDeleteEmployeeWithMaleGenderIsSuccessful</span>
                <span class="method-start">275132 ms</span>
              </div> <!-- test-method -->
            </div> <!-- chronological-class -->
            <div class="chronological-class">
              <div class="chronological-class-name">urBuddi.Tests.Test013_Add_Edit_Delete_EmployeeWithGenderAsFemaleTestSpec</div> <!-- chronological-class-name -->
              <div class="test-method">
                <img src="failed.png">
                </img>
                <span class="method-name">verifyAddEditDeleteEmployeeWithFemaleGenderIsSuccessful</span>
                <span class="method-start">275136 ms</span>
              </div> <!-- test-method -->
            </div> <!-- chronological-class -->
            <div class="chronological-class">
              <div class="chronological-class-name">urBuddi.Tests.Test014_Add_Edit_Delete_EmployeWithGenderAsOthersTestSpec</div> <!-- chronological-class-name -->
              <div class="test-method">
                <img src="failed.png">
                </img>
                <span class="method-name">verifyAddEditDeleteEmployeeWithOthersGenderIsSuccessful</span>
                <span class="method-start">275143 ms</span>
              </div> <!-- test-method -->
            </div> <!-- chronological-class -->
            <div class="chronological-class">
              <div class="chronological-class-name">urBuddi.Tests.Test015_Add_Edit_Delete_EmployeeWithStatusAsActiveTestSpec</div> <!-- chronological-class-name -->
              <div class="test-method">
                <img src="failed.png">
                </img>
                <span class="method-name">verifyAddEditDeleteEmployeeWithActiveStatusIsSuccessful</span>
                <span class="method-start">275147 ms</span>
              </div> <!-- test-method -->
            </div> <!-- chronological-class -->
            <div class="chronological-class">
              <div class="chronological-class-name">urBuddi.Tests.Test016_Add_Edit_EmployeeWithStatusAsReleasedTestSpec</div> <!-- chronological-class-name -->
              <div class="test-method">
                <img src="failed.png">
                </img>
                <span class="method-name">verifyAddEditEmployeeWithReleasedStatusIsSuccessful</span>
                <span class="method-start">275153 ms</span>
              </div> <!-- test-method -->
            </div> <!-- chronological-class -->
            <div class="chronological-class">
              <div class="chronological-class-name">urBuddi.Tests.Test_Apply_Cancel_LeaveWithRequestTypeAsLeaveTestSpec</div> <!-- chronological-class-name -->
              <div class="test-method">
                <img src="failed.png">
                </img>
                <span class="method-name">verifyApplyAndCancelLeaveIsSuccessful</span>
                <span class="method-start">275160 ms</span>
              </div> <!-- test-method -->
            </div> <!-- chronological-class -->
            <div class="chronological-class">
              <div class="chronological-class-name">urBuddi.Tests.Test_Apply_Cancel_LeaveWithRequestTypeAsWFHTestSpec</div> <!-- chronological-class-name -->
              <div class="test-method">
                <img src="failed.png">
                </img>
                <span class="method-name">verifyApplyAndCancelLeaveIsSuccessful</span>
                <span class="method-start">275166 ms</span>
              </div> <!-- test-method -->
            </div> <!-- chronological-class -->
            <div class="chronological-class">
              <div class="chronological-class-name">urBuddi.Tests.Test001_LoginPageVerificationTestSpec</div> <!-- chronological-class-name -->
              <div class="configuration-test after">
                <img src="failed.png">
                </img>
                <span class="method-name">browserclose</span>
                <span class="method-start">275172 ms</span>
              </div> <!-- configuration-test after -->
            </div> <!-- chronological-class -->
            <div class="chronological-class">
              <div class="chronological-class-name">urBuddi.Tests.Test004_Add_Edit_Delete_EmployeeWithRoleAsEmployeeTestSpec</div> <!-- chronological-class-name -->
              <div class="configuration-test after">
                <span class="method-name">close</span>
                <span class="method-start">275180 ms</span>
              </div> <!-- configuration-test after -->
            </div> <!-- chronological-class -->
            <div class="chronological-class">
              <div class="chronological-class-name">urBuddi.Tests.Test002_LoginTestSpec</div> <!-- chronological-class-name -->
              <div class="configuration-test after">
                <span class="method-name">browserclose</span>
                <span class="method-start">275180 ms</span>
              </div> <!-- configuration-test after -->
            </div> <!-- chronological-class -->
            <div class="chronological-class">
              <div class="chronological-class-name">urBuddi.Tests.Test005_Add_Edit_Delete_EmployeeWithRoleAsAdminTestSpec</div> <!-- chronological-class-name -->
              <div class="configuration-test after">
                <span class="method-name">close</span>
                <span class="method-start">275181 ms</span>
              </div> <!-- configuration-test after -->
            </div> <!-- chronological-class -->
            <div class="chronological-class">
              <div class="chronological-class-name">urBuddi.Tests.Test006_Add_Edit_Delete_EmployeeWithRoleAsHRTestSpec</div> <!-- chronological-class-name -->
              <div class="configuration-test after">
                <span class="method-name">close</span>
                <span class="method-start">275182 ms</span>
              </div> <!-- configuration-test after -->
            </div> <!-- chronological-class -->
            <div class="chronological-class">
              <div class="chronological-class-name">urBuddi.Tests.Test007_Add_Edit_Delete_EmployeeWithRoleAsLeadTestSpec</div> <!-- chronological-class-name -->
              <div class="configuration-test after">
                <span class="method-name">close</span>
                <span class="method-start">275184 ms</span>
              </div> <!-- configuration-test after -->
            </div> <!-- chronological-class -->
            <div class="chronological-class">
              <div class="chronological-class-name">urBuddi.Tests.Test009_Add_Edit_Delete_EmployeeWithQualificationAsBTechTestSpec</div> <!-- chronological-class-name -->
              <div class="configuration-test after">
                <span class="method-name">close</span>
                <span class="method-start">275185 ms</span>
              </div> <!-- configuration-test after -->
            </div> <!-- chronological-class -->
            <div class="chronological-class">
              <div class="chronological-class-name">urBuddi.Tests.Test008_Add_Edit_Delete_EmployeeWithQualificationAsDegreeTestSpec</div> <!-- chronological-class-name -->
              <div class="configuration-test after">
                <span class="method-name">close</span>
                <span class="method-start">275185 ms</span>
              </div> <!-- configuration-test after -->
            </div> <!-- chronological-class -->
            <div class="chronological-class">
              <div class="chronological-class-name">urBuddi.Tests.Test011_Add_Edit_Delete_EmployeeWithQualificationAsOtherTestSpec</div> <!-- chronological-class-name -->
              <div class="configuration-test after">
                <span class="method-name">close</span>
                <span class="method-start">275186 ms</span>
              </div> <!-- configuration-test after -->
            </div> <!-- chronological-class -->
            <div class="chronological-class">
              <div class="chronological-class-name">urBuddi.Tests.Test010_Add_Edit_Delete_EmployeeWithQualificationAsPGTestSpec</div> <!-- chronological-class-name -->
              <div class="configuration-test after">
                <span class="method-name">close</span>
                <span class="method-start">275186 ms</span>
              </div> <!-- configuration-test after -->
            </div> <!-- chronological-class -->
            <div class="chronological-class">
              <div class="chronological-class-name">urBuddi.Tests.Test012_Add_Edit_Delete_EmployeeWithGenderAsMaleTestSpec</div> <!-- chronological-class-name -->
              <div class="configuration-test after">
                <span class="method-name">close</span>
                <span class="method-start">275187 ms</span>
              </div> <!-- configuration-test after -->
            </div> <!-- chronological-class -->
            <div class="chronological-class">
              <div class="chronological-class-name">urBuddi.Tests.Test013_Add_Edit_Delete_EmployeeWithGenderAsFemaleTestSpec</div> <!-- chronological-class-name -->
              <div class="configuration-test after">
                <span class="method-name">close</span>
                <span class="method-start">275187 ms</span>
              </div> <!-- configuration-test after -->
            </div> <!-- chronological-class -->
            <div class="chronological-class">
              <div class="chronological-class-name">urBuddi.Tests.Test015_Add_Edit_Delete_EmployeeWithStatusAsActiveTestSpec</div> <!-- chronological-class-name -->
              <div class="configuration-test after">
                <span class="method-name">close</span>
                <span class="method-start">275188 ms</span>
              </div> <!-- configuration-test after -->
            </div> <!-- chronological-class -->
            <div class="chronological-class">
              <div class="chronological-class-name">urBuddi.Tests.Test014_Add_Edit_Delete_EmployeWithGenderAsOthersTestSpec</div> <!-- chronological-class-name -->
              <div class="configuration-test after">
                <span class="method-name">close</span>
                <span class="method-start">275188 ms</span>
              </div> <!-- configuration-test after -->
            </div> <!-- chronological-class -->
            <div class="chronological-class">
              <div class="chronological-class-name">urBuddi.Tests.Test016_Add_Edit_EmployeeWithStatusAsReleasedTestSpec</div> <!-- chronological-class-name -->
              <div class="configuration-test after">
                <span class="method-name">close</span>
                <span class="method-start">275190 ms</span>
              </div> <!-- configuration-test after -->
            </div> <!-- chronological-class -->
            <div class="chronological-class">
              <div class="chronological-class-name">urBuddi.Tests.Test_Apply_Cancel_LeaveWithRequestTypeAsLeaveTestSpec</div> <!-- chronological-class-name -->
              <div class="configuration-test after">
                <span class="method-name">close</span>
                <span class="method-start">275191 ms</span>
              </div> <!-- configuration-test after -->
            </div> <!-- chronological-class -->
            <div class="chronological-class">
              <div class="chronological-class-name">urBuddi.Tests.Test_Apply_Cancel_LeaveWithRequestTypeAsWFHTestSpec</div> <!-- chronological-class-name -->
              <div class="configuration-test after">
                <span class="method-name">close</span>
                <span class="method-start">275192 ms</span>
              </div> <!-- configuration-test after -->
          </div> <!-- main-panel-content rounded-window-bottom -->
        </div> <!-- panel -->
      </div> <!-- main-panel-root -->
    </div> <!-- wrapper -->
  </body>
<script type="text/javascript" src="testng-reports2.js"></script>
</html>
